{"contracts\\engine\\NFTEngineV1.sol":{"l":{"105":25,"106":1,"108":24,"113":6,"114":2,"115":4,"120":4,"122":2,"123":2,"128":23,"130":2,"131":21,"136":13,"138":1,"139":12,"144":3,"146":1,"147":2,"152":49,"156":48,"157":1,"158":47,"163":26,"164":1,"165":25,"172":28,"173":1,"174":27,"181":27,"182":27,"183":55,"184":55,"185":1,"188":26,"193":14,"194":1,"195":13,"203":3,"204":3,"205":3,"206":3,"220":28,"229":4,"231":3,"234":2,"236":2,"244":2,"247":1,"249":1,"259":3,"268":23,"269":23,"270":23,"271":23,"272":23,"273":11,"274":11,"275":11,"277":23,"287":26,"288":26,"289":26,"290":26,"291":26,"292":11,"293":11,"294":11,"296":26,"305":2,"306":1,"308":1,"331":32,"335":31,"338":30,"339":1,"341":29,"342":1,"344":28,"355":26,"365":26,"376":2,"377":1,"387":21,"388":21,"399":2,"400":1,"402":1,"403":1,"404":1,"424":11,"440":11,"441":1,"443":10,"448":9,"454":9,"456":9,"472":2,"476":2,"477":1,"479":1,"483":1,"487":1,"488":1,"495":1,"517":24,"520":23,"540":23,"542":23,"543":23,"545":23,"546":23,"547":23,"548":23,"549":23,"550":23,"552":23,"568":21,"569":21,"574":21,"587":3,"599":1,"609":1,"620":2,"621":1,"623":1,"636":2,"637":2,"638":2,"639":2,"640":2,"641":2,"643":2,"645":1,"647":1,"650":1,"651":0,"654":1,"657":1,"658":0,"663":1,"664":0,"666":1,"667":0,"670":2,"676":2,"708":26,"710":0,"712":26,"713":26,"715":26,"716":26,"717":26,"718":26,"719":26,"720":26,"721":26,"722":26,"734":14,"747":2,"757":33,"758":33,"769":35,"770":35,"785":10,"787":10,"791":2,"795":8,"798":8,"807":36,"816":33,"818":33,"819":26,"821":7,"831":5,"833":5,"834":5,"836":0,"847":8,"849":8,"850":8,"852":0,"860":35,"862":35,"863":2,"864":2,"865":2,"868":33,"869":7,"870":7,"877":33,"878":28,"892":5,"893":5,"894":5,"895":5,"896":5,"897":5,"898":5,"899":5,"901":5,"902":5,"904":5,"913":5,"919":4,"939":5,"940":5,"942":5,"950":5,"951":5,"952":10,"956":10,"957":10,"965":5,"982":24,"983":6,"984":0,"988":18,"993":18,"1009":11,"1010":11,"1011":3,"1016":8,"1029":44,"1035":7,"1038":7,"1049":23,"1057":26,"1064":6,"1065":6,"1066":6,"1074":0,"1083":9,"1084":9,"1085":3,"1090":0,"1092":3,"1094":6,"1096":9,"1106":9,"1110":9,"1114":9,"1118":9,"1119":9,"1120":3},"path":"F:\\1.devproject\\nft_marketplace_playestates\\contract-marketplace-v1\\contracts\\engine\\NFTEngineV1.sol","s":{"1":25,"2":6,"3":4,"4":23,"5":13,"6":3,"7":49,"8":48,"9":26,"10":28,"11":27,"12":27,"13":55,"14":55,"15":14,"16":3,"17":3,"18":3,"19":3,"20":28,"21":4,"22":3,"23":2,"24":2,"25":2,"26":1,"27":1,"28":3,"29":23,"30":23,"31":23,"32":23,"33":11,"34":11,"35":11,"36":23,"37":26,"38":26,"39":26,"40":26,"41":11,"42":11,"43":11,"44":26,"45":2,"46":1,"47":1,"48":32,"49":31,"50":30,"51":29,"52":28,"53":26,"54":26,"55":2,"56":1,"57":21,"58":21,"59":2,"60":1,"61":1,"62":1,"63":11,"64":11,"65":10,"66":9,"67":9,"68":9,"69":2,"70":2,"71":1,"72":1,"73":1,"74":1,"75":1,"76":24,"77":23,"78":23,"79":23,"80":23,"81":23,"82":23,"83":23,"84":23,"85":23,"86":23,"87":23,"88":21,"89":21,"90":21,"91":3,"92":1,"93":1,"94":2,"95":1,"96":2,"97":2,"98":2,"99":2,"100":2,"101":2,"102":2,"103":1,"104":1,"105":1,"106":0,"107":1,"108":1,"109":0,"110":1,"111":1,"112":2,"113":2,"114":26,"115":26,"116":26,"117":26,"118":26,"119":26,"120":26,"121":26,"122":26,"123":26,"124":26,"125":14,"126":2,"127":33,"128":33,"129":35,"130":35,"131":10,"132":10,"133":2,"134":8,"135":8,"136":36,"137":33,"138":33,"139":26,"140":7,"141":5,"142":5,"143":5,"144":0,"145":8,"146":8,"147":8,"148":0,"149":35,"150":35,"151":2,"152":2,"153":2,"154":33,"155":7,"156":7,"157":33,"158":28,"159":5,"160":5,"161":5,"162":5,"163":5,"164":5,"165":5,"166":5,"167":5,"168":5,"169":5,"170":5,"171":4,"172":5,"173":5,"174":5,"175":5,"176":5,"177":10,"178":10,"179":10,"180":5,"181":24,"182":6,"183":18,"184":18,"185":11,"186":11,"187":3,"188":8,"189":44,"190":7,"191":7,"192":23,"193":26,"194":6,"195":6,"196":6,"197":0,"198":9,"199":9,"200":3,"201":3,"202":6,"203":9,"204":9,"205":9,"206":9,"207":9,"208":9,"209":3},"b":{"1":[1,24],"2":[2,4],"3":[2,2],"4":[2,21],"5":[1,12],"6":[1,2],"7":[48,1],"8":[1,47],"9":[1,25],"10":[1,27],"11":[1,54],"12":[1,13],"13":[3,1],"14":[2,1],"15":[1,1],"16":[23,0],"17":[11,12],"18":[26,0],"19":[11,15],"20":[1,1],"21":[31,1],"22":[30,1],"23":[1,29],"24":[1,28],"25":[1,1],"26":[1,10],"27":[9,1],"28":[1,1],"29":[23,1],"30":[1,1],"31":[1,1],"32":[1,0],"33":[0,1],"34":[0,1],"35":[0,1],"36":[0,1],"37":[0,26],"38":[2,8],"39":[26,7],"40":[5,0],"41":[8,0],"42":[2,33],"43":[7,26],"44":[28,5],"45":[6,18],"46":[0,6],"47":[0,18],"48":[3,8],"49":[3,6],"50":[0,3],"51":[3,6]},"f":{"1":25,"2":6,"3":4,"4":23,"5":13,"6":3,"7":49,"8":26,"9":28,"10":27,"11":14,"12":3,"13":28,"14":4,"15":2,"16":3,"17":23,"18":26,"19":2,"20":32,"21":2,"22":21,"23":2,"24":11,"25":11,"26":2,"27":24,"28":23,"29":21,"30":3,"31":1,"32":1,"33":2,"34":2,"35":26,"36":14,"37":2,"38":33,"39":35,"40":10,"41":36,"42":33,"43":5,"44":8,"45":35,"46":33,"47":5,"48":5,"49":24,"50":11,"51":44,"52":7,"53":23,"54":26,"55":6,"56":0,"57":9,"58":9},"fnMap":{"1":{"name":"onlyValidPrice","line":104,"loc":{"start":{"line":104,"column":4},"end":{"line":109,"column":4}}},"2":{"name":"onlySale","line":112,"loc":{"start":{"line":112,"column":4},"end":{"line":116,"column":4}}},"3":{"name":"onlyAuctionSeller","line":119,"loc":{"start":{"line":119,"column":4},"end":{"line":124,"column":4}}},"4":{"name":"onlySaleSeller","line":127,"loc":{"start":{"line":127,"column":4},"end":{"line":132,"column":4}}},"5":{"name":"onlyNotAuctionSeller","line":135,"loc":{"start":{"line":135,"column":4},"end":{"line":140,"column":4}}},"6":{"name":"onlyNotSaleSeller","line":143,"loc":{"start":{"line":143,"column":4},"end":{"line":148,"column":4}}},"7":{"name":"onlyTokenOwner","line":151,"loc":{"start":{"line":151,"column":4},"end":{"line":159,"column":4}}},"8":{"name":"onlyApprovedToken","line":162,"loc":{"start":{"line":162,"column":4},"end":{"line":166,"column":4}}},"9":{"name":"checkSizeRecipientsAndRates","line":169,"loc":{"start":{"line":169,"column":4},"end":{"line":175,"column":4}}},"10":{"name":"checkFeeRatesLessThanMaximum","line":178,"loc":{"start":{"line":178,"column":4},"end":{"line":189,"column":4}}},"11":{"name":"auctionOngoing","line":192,"loc":{"start":{"line":192,"column":4},"end":{"line":196,"column":4}}},"12":{"name":"initialize","line":202,"loc":{"start":{"line":201,"column":4},"end":{"line":207,"column":4}}},"13":{"name":"onERC721Received","line":214,"loc":{"start":{"line":214,"column":4},"end":{"line":221,"column":4}}},"14":{"name":"setNFTContract","line":228,"loc":{"start":{"line":227,"column":4},"end":{"line":237,"column":4}}},"15":{"name":"setPaymentContract","line":243,"loc":{"start":{"line":242,"column":4},"end":{"line":250,"column":4}}},"16":{"name":"getContractAddress","line":256,"loc":{"start":{"line":256,"column":4},"end":{"line":260,"column":4}}},"17":{"name":"removeNftIdFromSells","line":266,"loc":{"start":{"line":266,"column":4},"end":{"line":279,"column":4}}},"18":{"name":"removeNftIdFromAuctions","line":285,"loc":{"start":{"line":285,"column":4},"end":{"line":298,"column":4}}},"19":{"name":"changeTreasury","line":304,"loc":{"start":{"line":303,"column":4},"end":{"line":309,"column":4}}},"20":{"name":"createAuction","line":330,"loc":{"start":{"line":321,"column":4},"end":{"line":366,"column":4}}},"21":{"name":"settleAuction","line":374,"loc":{"start":{"line":372,"column":4},"end":{"line":378,"column":4}}},"22":{"name":"withdrawAuction","line":386,"loc":{"start":{"line":384,"column":4},"end":{"line":389,"column":4}}},"23":{"name":"takeHighestBid","line":397,"loc":{"start":{"line":395,"column":4},"end":{"line":405,"column":4}}},"24":{"name":"makeBid","line":423,"loc":{"start":{"line":413,"column":4},"end":{"line":425,"column":4}}},"25":{"name":"_makeBid","line":433,"loc":{"start":{"line":433,"column":4},"end":{"line":464,"column":4}}},"26":{"name":"withdrawBid","line":471,"loc":{"start":{"line":470,"column":4},"end":{"line":496,"column":4}}},"27":{"name":"createSale","line":516,"loc":{"start":{"line":506,"column":4},"end":{"line":522,"column":4}}},"28":{"name":"_createSale","line":532,"loc":{"start":{"line":532,"column":4},"end":{"line":559,"column":4}}},"29":{"name":"withdrawSale","line":567,"loc":{"start":{"line":565,"column":4},"end":{"line":578,"column":4}}},"30":{"name":"getTokenInfosOnSale","line":584,"loc":{"start":{"line":584,"column":4},"end":{"line":588,"column":4}}},"31":{"name":"getTokenSaleInfo","line":597,"loc":{"start":{"line":595,"column":4},"end":{"line":600,"column":4}}},"32":{"name":"getTokenInfosOnAuction","line":606,"loc":{"start":{"line":606,"column":4},"end":{"line":610,"column":4}}},"33":{"name":"getTokenAuctionInfo","line":617,"loc":{"start":{"line":617,"column":4},"end":{"line":624,"column":4}}},"34":{"name":"buyNFT","line":635,"loc":{"start":{"line":630,"column":4},"end":{"line":681,"column":4}}},"35":{"name":"_setupAuction","line":706,"loc":{"start":{"line":692,"column":4},"end":{"line":723,"column":4}}},"36":{"name":"_isAuctionOngoing","line":730,"loc":{"start":{"line":730,"column":4},"end":{"line":736,"column":4}}},"37":{"name":"_isAlreadyBidMade","line":743,"loc":{"start":{"line":743,"column":4},"end":{"line":748,"column":4}}},"38":{"name":"_isMinimumBidMade","line":753,"loc":{"start":{"line":753,"column":4},"end":{"line":760,"column":4}}},"39":{"name":"_isBuyNowPriceMet","line":765,"loc":{"start":{"line":765,"column":4},"end":{"line":772,"column":4}}},"40":{"name":"_doesBidMeetBidRequirements","line":780,"loc":{"start":{"line":780,"column":4},"end":{"line":800,"column":4}}},"41":{"name":"_getPortionOfBid","line":803,"loc":{"start":{"line":803,"column":4},"end":{"line":808,"column":4}}},"42":{"name":"_getAuctionBidPeriod","line":811,"loc":{"start":{"line":811,"column":4},"end":{"line":823,"column":4}}},"43":{"name":"_getNftRecipient","line":826,"loc":{"start":{"line":826,"column":4},"end":{"line":838,"column":4}}},"44":{"name":"_getBidIncreasePercentage","line":841,"loc":{"start":{"line":841,"column":4},"end":{"line":854,"column":4}}},"45":{"name":"_updateOngoingAuction","line":858,"loc":{"start":{"line":858,"column":4},"end":{"line":872,"column":4}}},"46":{"name":"_transferNftToAuctionContract","line":875,"loc":{"start":{"line":875,"column":4},"end":{"line":884,"column":4}}},"47":{"name":"_transferNftAndPaySeller","line":888,"loc":{"start":{"line":888,"column":4},"end":{"line":927,"column":4}}},"48":{"name":"_payFeesAndSeller","line":930,"loc":{"start":{"line":930,"column":4},"end":{"line":972,"column":4}}},"49":{"name":"_payout","line":975,"loc":{"start":{"line":975,"column":4},"end":{"line":996,"column":4}}},"50":{"name":"_isPaymentAccepted","line":1003,"loc":{"start":{"line":1003,"column":4},"end":{"line":1021,"column":4}}},"51":{"name":"_isERC20Auction","line":1024,"loc":{"start":{"line":1024,"column":4},"end":{"line":1030,"column":4}}},"52":{"name":"_updateAuctionEnd","line":1033,"loc":{"start":{"line":1033,"column":4},"end":{"line":1043,"column":4}}},"53":{"name":"_resetSale","line":1047,"loc":{"start":{"line":1047,"column":4},"end":{"line":1050,"column":4}}},"54":{"name":"_resetAuction","line":1054,"loc":{"start":{"line":1054,"column":4},"end":{"line":1058,"column":4}}},"55":{"name":"_resetBids","line":1061,"loc":{"start":{"line":1061,"column":4},"end":{"line":1067,"column":4}}},"56":{"name":"_isWhitelistedAuction","line":1070,"loc":{"start":{"line":1070,"column":4},"end":{"line":1075,"column":4}}},"57":{"name":"_updateHighestBid","line":1078,"loc":{"start":{"line":1078,"column":4},"end":{"line":1097,"column":4}}},"58":{"name":"_reversePreviousBidAndUpdateHighestBid","line":1101,"loc":{"start":{"line":1101,"column":4},"end":{"line":1128,"column":4}}}},"statementMap":{"1":{"start":{"line":105,"column":8},"end":{"line":105,"column":4908}},"2":{"start":{"line":113,"column":8},"end":{"line":113,"column":5196}},"3":{"start":{"line":120,"column":8},"end":{"line":120,"column":5465}},"4":{"start":{"line":128,"column":8},"end":{"line":128,"column":5834}},"5":{"start":{"line":136,"column":8},"end":{"line":136,"column":6203}},"6":{"start":{"line":144,"column":8},"end":{"line":144,"column":6573}},"7":{"start":{"line":152,"column":8},"end":{"line":152,"column":6915}},"8":{"start":{"line":156,"column":8},"end":{"line":156,"column":7145}},"9":{"start":{"line":163,"column":8},"end":{"line":163,"column":7438}},"10":{"start":{"line":172,"column":8},"end":{"line":172,"column":7770}},"11":{"start":{"line":181,"column":8},"end":{"line":181,"column":27}},"12":{"start":{"line":182,"column":8},"end":{"line":182,"column":8047}},"13":{"start":{"line":183,"column":12},"end":{"line":183,"column":38}},"14":{"start":{"line":184,"column":12},"end":{"line":184,"column":8152}},"15":{"start":{"line":193,"column":8},"end":{"line":193,"column":8474}},"16":{"start":{"line":203,"column":8},"end":{"line":203,"column":23}},"17":{"start":{"line":204,"column":8},"end":{"line":204,"column":31}},"18":{"start":{"line":205,"column":8},"end":{"line":205,"column":27}},"19":{"start":{"line":206,"column":8},"end":{"line":206,"column":31}},"20":{"start":{"line":220,"column":8},"end":{"line":220,"column":45}},"21":{"start":{"line":229,"column":8},"end":{"line":229,"column":10185}},"22":{"start":{"line":231,"column":8},"end":{"line":231,"column":10263}},"23":{"start":{"line":234,"column":8},"end":{"line":234,"column":64}},"24":{"start":{"line":236,"column":8},"end":{"line":236,"column":53}},"25":{"start":{"line":244,"column":8},"end":{"line":244,"column":10826}},"26":{"start":{"line":247,"column":8},"end":{"line":247,"column":67}},"27":{"start":{"line":249,"column":8},"end":{"line":249,"column":84}},"28":{"start":{"line":259,"column":8},"end":{"line":259,"column":60}},"29":{"start":{"line":268,"column":8},"end":{"line":268,"column":55}},"30":{"start":{"line":269,"column":8},"end":{"line":269,"column":54}},"31":{"start":{"line":270,"column":8},"end":{"line":270,"column":11908}},"32":{"start":{"line":272,"column":12},"end":{"line":272,"column":12014}},"33":{"start":{"line":273,"column":16},"end":{"line":273,"column":78}},"34":{"start":{"line":274,"column":16},"end":{"line":274,"column":58}},"35":{"start":{"line":275,"column":16},"end":{"line":275,"column":85}},"36":{"start":{"line":277,"column":12},"end":{"line":277,"column":39}},"37":{"start":{"line":287,"column":8},"end":{"line":287,"column":58}},"38":{"start":{"line":288,"column":8},"end":{"line":288,"column":57}},"39":{"start":{"line":289,"column":8},"end":{"line":289,"column":12798}},"40":{"start":{"line":291,"column":12},"end":{"line":291,"column":12907}},"41":{"start":{"line":292,"column":16},"end":{"line":292,"column":81}},"42":{"start":{"line":293,"column":16},"end":{"line":293,"column":61}},"43":{"start":{"line":294,"column":16},"end":{"line":294,"column":91}},"44":{"start":{"line":296,"column":12},"end":{"line":296,"column":42}},"45":{"start":{"line":305,"column":8},"end":{"line":305,"column":69}},"46":{"start":{"line":306,"column":8},"end":{"line":306,"column":30}},"47":{"start":{"line":308,"column":8},"end":{"line":308,"column":44}},"48":{"start":{"line":331,"column":8},"end":{"line":331,"column":14592}},"49":{"start":{"line":335,"column":8},"end":{"line":335,"column":14828}},"50":{"start":{"line":338,"column":8},"end":{"line":338,"column":14978}},"51":{"start":{"line":341,"column":8},"end":{"line":341,"column":15117}},"52":{"start":{"line":344,"column":8},"end":{"line":344,"column":15185}},"53":{"start":{"line":355,"column":8},"end":{"line":355,"column":15420}},"54":{"start":{"line":365,"column":8},"end":{"line":365,"column":50}},"55":{"start":{"line":376,"column":8},"end":{"line":376,"column":53}},"56":{"start":{"line":377,"column":8},"end":{"line":377,"column":64}},"57":{"start":{"line":387,"column":8},"end":{"line":387,"column":42}},"58":{"start":{"line":388,"column":8},"end":{"line":388,"column":54}},"59":{"start":{"line":399,"column":8},"end":{"line":399,"column":17246}},"60":{"start":{"line":402,"column":8},"end":{"line":402,"column":70}},"61":{"start":{"line":403,"column":8},"end":{"line":403,"column":53}},"62":{"start":{"line":404,"column":8},"end":{"line":404,"column":60}},"63":{"start":{"line":424,"column":8},"end":{"line":424,"column":57}},"64":{"start":{"line":440,"column":8},"end":{"line":440,"column":18896}},"65":{"start":{"line":443,"column":8},"end":{"line":443,"column":18988}},"66":{"start":{"line":448,"column":8},"end":{"line":448,"column":19138}},"67":{"start":{"line":454,"column":8},"end":{"line":454,"column":50}},"68":{"start":{"line":456,"column":8},"end":{"line":456,"column":19339}},"69":{"start":{"line":472,"column":8},"end":{"line":472,"column":19911}},"70":{"start":{"line":476,"column":8},"end":{"line":476,"column":20107}},"71":{"start":{"line":479,"column":8},"end":{"line":479,"column":20177}},"72":{"start":{"line":483,"column":8},"end":{"line":483,"column":20316}},"73":{"start":{"line":487,"column":8},"end":{"line":487,"column":39}},"74":{"start":{"line":488,"column":8},"end":{"line":488,"column":20497}},"75":{"start":{"line":495,"column":8},"end":{"line":495,"column":69}},"76":{"start":{"line":517,"column":8},"end":{"line":517,"column":21625}},"77":{"start":{"line":520,"column":8},"end":{"line":520,"column":88}},"78":{"start":{"line":540,"column":8},"end":{"line":540,"column":70}},"79":{"start":{"line":542,"column":8},"end":{"line":542,"column":76}},"80":{"start":{"line":543,"column":8},"end":{"line":543,"column":72}},"81":{"start":{"line":545,"column":8},"end":{"line":545,"column":34}},"82":{"start":{"line":546,"column":8},"end":{"line":546,"column":40}},"83":{"start":{"line":547,"column":8},"end":{"line":547,"column":36}},"84":{"start":{"line":548,"column":8},"end":{"line":548,"column":34}},"85":{"start":{"line":549,"column":8},"end":{"line":549,"column":46}},"86":{"start":{"line":550,"column":8},"end":{"line":550,"column":36}},"87":{"start":{"line":552,"column":8},"end":{"line":552,"column":23027}},"88":{"start":{"line":568,"column":8},"end":{"line":568,"column":39}},"89":{"start":{"line":569,"column":8},"end":{"line":569,"column":23629}},"90":{"start":{"line":574,"column":8},"end":{"line":574,"column":23766}},"91":{"start":{"line":587,"column":8},"end":{"line":587,"column":37}},"92":{"start":{"line":599,"column":8},"end":{"line":599,"column":76}},"93":{"start":{"line":609,"column":8},"end":{"line":609,"column":40}},"94":{"start":{"line":620,"column":8},"end":{"line":620,"column":25923}},"95":{"start":{"line":623,"column":8},"end":{"line":623,"column":82}},"96":{"start":{"line":636,"column":8},"end":{"line":636,"column":92}},"97":{"start":{"line":637,"column":8},"end":{"line":637,"column":93}},"98":{"start":{"line":638,"column":8},"end":{"line":638,"column":101}},"99":{"start":{"line":639,"column":8},"end":{"line":639,"column":57}},"100":{"start":{"line":640,"column":8},"end":{"line":640,"column":46}},"101":{"start":{"line":641,"column":8},"end":{"line":641,"column":39}},"102":{"start":{"line":643,"column":8},"end":{"line":643,"column":26970}},"103":{"start":{"line":645,"column":12},"end":{"line":645,"column":68}},"104":{"start":{"line":647,"column":12},"end":{"line":647,"column":27133}},"105":{"start":{"line":650,"column":12},"end":{"line":650,"column":27233}},"106":{"start":{"line":651,"column":16},"end":{"line":651,"column":55}},"107":{"start":{"line":654,"column":12},"end":{"line":654,"column":27340}},"108":{"start":{"line":657,"column":12},"end":{"line":657,"column":27441}},"109":{"start":{"line":658,"column":16},"end":{"line":658,"column":57}},"110":{"start":{"line":663,"column":12},"end":{"line":663,"column":27671}},"111":{"start":{"line":666,"column":12},"end":{"line":666,"column":27829}},"112":{"start":{"line":670,"column":8},"end":{"line":670,"column":27948}},"113":{"start":{"line":676,"column":8},"end":{"line":676,"column":28087}},"114":{"start":{"line":708,"column":8},"end":{"line":708,"column":29249}},"115":{"start":{"line":712,"column":8},"end":{"line":712,"column":82}},"116":{"start":{"line":713,"column":8},"end":{"line":713,"column":81}},"117":{"start":{"line":715,"column":8},"end":{"line":715,"column":37}},"118":{"start":{"line":716,"column":8},"end":{"line":716,"column":43}},"119":{"start":{"line":717,"column":8},"end":{"line":717,"column":49}},"120":{"start":{"line":718,"column":8},"end":{"line":718,"column":39}},"121":{"start":{"line":719,"column":8},"end":{"line":719,"column":45}},"122":{"start":{"line":720,"column":8},"end":{"line":720,"column":39}},"123":{"start":{"line":721,"column":8},"end":{"line":721,"column":39}},"124":{"start":{"line":722,"column":8},"end":{"line":722,"column":49}},"125":{"start":{"line":734,"column":8},"end":{"line":734,"column":30508}},"126":{"start":{"line":747,"column":8},"end":{"line":747,"column":99}},"127":{"start":{"line":757,"column":8},"end":{"line":757,"column":103}},"128":{"start":{"line":758,"column":8},"end":{"line":758,"column":31730}},"129":{"start":{"line":769,"column":8},"end":{"line":769,"column":109}},"130":{"start":{"line":770,"column":8},"end":{"line":770,"column":32314}},"131":{"start":{"line":785,"column":8},"end":{"line":785,"column":109}},"132":{"start":{"line":787,"column":8},"end":{"line":787,"column":33099}},"133":{"start":{"line":791,"column":12},"end":{"line":791,"column":23}},"134":{"start":{"line":795,"column":8},"end":{"line":795,"column":33431}},"135":{"start":{"line":798,"column":8},"end":{"line":798,"column":33600}},"136":{"start":{"line":807,"column":8},"end":{"line":807,"column":40}},"137":{"start":{"line":816,"column":8},"end":{"line":816,"column":111}},"138":{"start":{"line":818,"column":8},"end":{"line":818,"column":34252}},"139":{"start":{"line":819,"column":12},"end":{"line":819,"column":42}},"140":{"start":{"line":821,"column":12},"end":{"line":821,"column":35}},"141":{"start":{"line":831,"column":8},"end":{"line":831,"column":108}},"142":{"start":{"line":833,"column":8},"end":{"line":833,"column":34735}},"143":{"start":{"line":834,"column":12},"end":{"line":834,"column":100}},"144":{"start":{"line":836,"column":12},"end":{"line":836,"column":31}},"145":{"start":{"line":847,"column":8},"end":{"line":847,"column":117}},"146":{"start":{"line":849,"column":8},"end":{"line":849,"column":35327}},"147":{"start":{"line":850,"column":12},"end":{"line":850,"column":36}},"148":{"start":{"line":852,"column":12},"end":{"line":852,"column":40}},"149":{"start":{"line":860,"column":8},"end":{"line":860,"column":102}},"150":{"start":{"line":862,"column":8},"end":{"line":862,"column":35832}},"151":{"start":{"line":863,"column":12},"end":{"line":863,"column":73}},"152":{"start":{"line":864,"column":12},"end":{"line":864,"column":57}},"153":{"start":{"line":865,"column":12},"end":{"line":865,"column":18}},"154":{"start":{"line":868,"column":8},"end":{"line":868,"column":36115}},"155":{"start":{"line":869,"column":12},"end":{"line":869,"column":50}},"156":{"start":{"line":870,"column":12},"end":{"line":870,"column":73}},"157":{"start":{"line":877,"column":8},"end":{"line":877,"column":36506}},"158":{"start":{"line":878,"column":12},"end":{"line":878,"column":36581}},"159":{"start":{"line":892,"column":8},"end":{"line":892,"column":64}},"160":{"start":{"line":893,"column":8},"end":{"line":893,"column":67}},"161":{"start":{"line":894,"column":8},"end":{"line":894,"column":81}},"162":{"start":{"line":895,"column":8},"end":{"line":895,"column":75}},"163":{"start":{"line":896,"column":8},"end":{"line":896,"column":69}},"164":{"start":{"line":897,"column":8},"end":{"line":897,"column":72}},"165":{"start":{"line":898,"column":8},"end":{"line":898,"column":87}},"166":{"start":{"line":899,"column":8},"end":{"line":899,"column":76}},"167":{"start":{"line":901,"column":8},"end":{"line":901,"column":39}},"168":{"start":{"line":902,"column":8},"end":{"line":902,"column":42}},"169":{"start":{"line":904,"column":8},"end":{"line":904,"column":37714}},"170":{"start":{"line":913,"column":8},"end":{"line":913,"column":37937}},"171":{"start":{"line":919,"column":8},"end":{"line":919,"column":38084}},"172":{"start":{"line":939,"column":8},"end":{"line":939,"column":61}},"173":{"start":{"line":940,"column":8},"end":{"line":940,"column":43}},"174":{"start":{"line":942,"column":8},"end":{"line":942,"column":38767}},"175":{"start":{"line":950,"column":8},"end":{"line":950,"column":24}},"176":{"start":{"line":951,"column":8},"end":{"line":951,"column":38947}},"177":{"start":{"line":952,"column":12},"end":{"line":952,"column":39018}},"178":{"start":{"line":956,"column":12},"end":{"line":956,"column":36}},"179":{"start":{"line":957,"column":12},"end":{"line":957,"column":39176}},"180":{"start":{"line":965,"column":8},"end":{"line":965,"column":39358}},"181":{"start":{"line":982,"column":8},"end":{"line":982,"column":39819}},"182":{"start":{"line":983,"column":12},"end":{"line":983,"column":39871}},"183":{"start":{"line":988,"column":12},"end":{"line":988,"column":40110}},"184":{"start":{"line":993,"column":12},"end":{"line":993,"column":40326}},"185":{"start":{"line":1009,"column":8},"end":{"line":1009,"column":114}},"186":{"start":{"line":1010,"column":8},"end":{"line":1010,"column":41071}},"187":{"start":{"line":1011,"column":12},"end":{"line":1011,"column":41149}},"188":{"start":{"line":1016,"column":12},"end":{"line":1016,"column":41312}},"189":{"start":{"line":1029,"column":8},"end":{"line":1029,"column":47}},"190":{"start":{"line":1035,"column":8},"end":{"line":1035,"column":42002}},"191":{"start":{"line":1038,"column":8},"end":{"line":1038,"column":42104}},"192":{"start":{"line":1049,"column":8},"end":{"line":1049,"column":49}},"193":{"start":{"line":1057,"column":8},"end":{"line":1057,"column":52}},"194":{"start":{"line":1064,"column":8},"end":{"line":1064,"column":101}},"195":{"start":{"line":1065,"column":8},"end":{"line":1065,"column":89}},"196":{"start":{"line":1066,"column":8},"end":{"line":1066,"column":97}},"197":{"start":{"line":1074,"column":8},"end":{"line":1074,"column":115}},"198":{"start":{"line":1083,"column":8},"end":{"line":1083,"column":114}},"199":{"start":{"line":1084,"column":8},"end":{"line":1084,"column":43980}},"200":{"start":{"line":1085,"column":12},"end":{"line":1085,"column":44039}},"201":{"start":{"line":1092,"column":12},"end":{"line":1092,"column":103}},"202":{"start":{"line":1094,"column":12},"end":{"line":1094,"column":110}},"203":{"start":{"line":1096,"column":8},"end":{"line":1096,"column":101}},"204":{"start":{"line":1106,"column":8},"end":{"line":1106,"column":44991}},"205":{"start":{"line":1110,"column":8},"end":{"line":1110,"column":45137}},"206":{"start":{"line":1114,"column":8},"end":{"line":1114,"column":45280}},"207":{"start":{"line":1118,"column":8},"end":{"line":1118,"column":59}},"208":{"start":{"line":1119,"column":8},"end":{"line":1119,"column":45467}},"209":{"start":{"line":1120,"column":12},"end":{"line":1120,"column":45526}}},"branchMap":{"1":{"line":105,"type":"if","locations":[{"start":{"line":105,"column":8},"end":{"line":105,"column":8}},{"start":{"line":105,"column":8},"end":{"line":105,"column":8}}]},"2":{"line":113,"type":"if","locations":[{"start":{"line":113,"column":8},"end":{"line":113,"column":8}},{"start":{"line":113,"column":8},"end":{"line":113,"column":8}}]},"3":{"line":120,"type":"if","locations":[{"start":{"line":120,"column":8},"end":{"line":120,"column":8}},{"start":{"line":120,"column":8},"end":{"line":120,"column":8}}]},"4":{"line":128,"type":"if","locations":[{"start":{"line":128,"column":8},"end":{"line":128,"column":8}},{"start":{"line":128,"column":8},"end":{"line":128,"column":8}}]},"5":{"line":136,"type":"if","locations":[{"start":{"line":136,"column":8},"end":{"line":136,"column":8}},{"start":{"line":136,"column":8},"end":{"line":136,"column":8}}]},"6":{"line":144,"type":"if","locations":[{"start":{"line":144,"column":8},"end":{"line":144,"column":8}},{"start":{"line":144,"column":8},"end":{"line":144,"column":8}}]},"7":{"line":152,"type":"if","locations":[{"start":{"line":152,"column":8},"end":{"line":152,"column":8}},{"start":{"line":152,"column":8},"end":{"line":152,"column":8}}]},"8":{"line":156,"type":"if","locations":[{"start":{"line":156,"column":8},"end":{"line":156,"column":8}},{"start":{"line":156,"column":8},"end":{"line":156,"column":8}}]},"9":{"line":163,"type":"if","locations":[{"start":{"line":163,"column":8},"end":{"line":163,"column":8}},{"start":{"line":163,"column":8},"end":{"line":163,"column":8}}]},"10":{"line":172,"type":"if","locations":[{"start":{"line":172,"column":8},"end":{"line":172,"column":8}},{"start":{"line":172,"column":8},"end":{"line":172,"column":8}}]},"11":{"line":184,"type":"if","locations":[{"start":{"line":184,"column":12},"end":{"line":184,"column":12}},{"start":{"line":184,"column":12},"end":{"line":184,"column":12}}]},"12":{"line":193,"type":"if","locations":[{"start":{"line":193,"column":8},"end":{"line":193,"column":8}},{"start":{"line":193,"column":8},"end":{"line":193,"column":8}}]},"13":{"line":229,"type":"if","locations":[{"start":{"line":229,"column":8},"end":{"line":229,"column":8}},{"start":{"line":229,"column":8},"end":{"line":229,"column":8}}]},"14":{"line":231,"type":"if","locations":[{"start":{"line":231,"column":8},"end":{"line":231,"column":8}},{"start":{"line":231,"column":8},"end":{"line":231,"column":8}}]},"15":{"line":244,"type":"if","locations":[{"start":{"line":244,"column":8},"end":{"line":244,"column":8}},{"start":{"line":244,"column":8},"end":{"line":244,"column":8}}]},"16":{"line":270,"type":"if","locations":[{"start":{"line":270,"column":8},"end":{"line":270,"column":8}},{"start":{"line":270,"column":8},"end":{"line":270,"column":8}}]},"17":{"line":272,"type":"if","locations":[{"start":{"line":272,"column":12},"end":{"line":272,"column":12}},{"start":{"line":272,"column":12},"end":{"line":272,"column":12}}]},"18":{"line":289,"type":"if","locations":[{"start":{"line":289,"column":8},"end":{"line":289,"column":8}},{"start":{"line":289,"column":8},"end":{"line":289,"column":8}}]},"19":{"line":291,"type":"if","locations":[{"start":{"line":291,"column":12},"end":{"line":291,"column":12}},{"start":{"line":291,"column":12},"end":{"line":291,"column":12}}]},"20":{"line":305,"type":"if","locations":[{"start":{"line":305,"column":8},"end":{"line":305,"column":8}},{"start":{"line":305,"column":8},"end":{"line":305,"column":8}}]},"21":{"line":331,"type":"if","locations":[{"start":{"line":331,"column":8},"end":{"line":331,"column":8}},{"start":{"line":331,"column":8},"end":{"line":331,"column":8}}]},"22":{"line":335,"type":"if","locations":[{"start":{"line":335,"column":8},"end":{"line":335,"column":8}},{"start":{"line":335,"column":8},"end":{"line":335,"column":8}}]},"23":{"line":338,"type":"if","locations":[{"start":{"line":338,"column":8},"end":{"line":338,"column":8}},{"start":{"line":338,"column":8},"end":{"line":338,"column":8}}]},"24":{"line":341,"type":"if","locations":[{"start":{"line":341,"column":8},"end":{"line":341,"column":8}},{"start":{"line":341,"column":8},"end":{"line":341,"column":8}}]},"25":{"line":399,"type":"if","locations":[{"start":{"line":399,"column":8},"end":{"line":399,"column":8}},{"start":{"line":399,"column":8},"end":{"line":399,"column":8}}]},"26":{"line":440,"type":"if","locations":[{"start":{"line":440,"column":8},"end":{"line":440,"column":8}},{"start":{"line":440,"column":8},"end":{"line":440,"column":8}}]},"27":{"line":443,"type":"if","locations":[{"start":{"line":443,"column":8},"end":{"line":443,"column":8}},{"start":{"line":443,"column":8},"end":{"line":443,"column":8}}]},"28":{"line":476,"type":"if","locations":[{"start":{"line":476,"column":8},"end":{"line":476,"column":8}},{"start":{"line":476,"column":8},"end":{"line":476,"column":8}}]},"29":{"line":517,"type":"if","locations":[{"start":{"line":517,"column":8},"end":{"line":517,"column":8}},{"start":{"line":517,"column":8},"end":{"line":517,"column":8}}]},"30":{"line":620,"type":"if","locations":[{"start":{"line":620,"column":8},"end":{"line":620,"column":8}},{"start":{"line":620,"column":8},"end":{"line":620,"column":8}}]},"31":{"line":643,"type":"if","locations":[{"start":{"line":643,"column":8},"end":{"line":643,"column":8}},{"start":{"line":643,"column":8},"end":{"line":643,"column":8}}]},"32":{"line":645,"type":"if","locations":[{"start":{"line":645,"column":12},"end":{"line":645,"column":12}},{"start":{"line":645,"column":12},"end":{"line":645,"column":12}}]},"33":{"line":650,"type":"if","locations":[{"start":{"line":650,"column":12},"end":{"line":650,"column":12}},{"start":{"line":650,"column":12},"end":{"line":650,"column":12}}]},"34":{"line":657,"type":"if","locations":[{"start":{"line":657,"column":12},"end":{"line":657,"column":12}},{"start":{"line":657,"column":12},"end":{"line":657,"column":12}}]},"35":{"line":663,"type":"if","locations":[{"start":{"line":663,"column":12},"end":{"line":663,"column":12}},{"start":{"line":663,"column":12},"end":{"line":663,"column":12}}]},"36":{"line":666,"type":"if","locations":[{"start":{"line":666,"column":12},"end":{"line":666,"column":12}},{"start":{"line":666,"column":12},"end":{"line":666,"column":12}}]},"37":{"line":708,"type":"if","locations":[{"start":{"line":708,"column":8},"end":{"line":708,"column":8}},{"start":{"line":708,"column":8},"end":{"line":708,"column":8}}]},"38":{"line":787,"type":"if","locations":[{"start":{"line":787,"column":8},"end":{"line":787,"column":8}},{"start":{"line":787,"column":8},"end":{"line":787,"column":8}}]},"39":{"line":818,"type":"if","locations":[{"start":{"line":818,"column":8},"end":{"line":818,"column":8}},{"start":{"line":818,"column":8},"end":{"line":818,"column":8}}]},"40":{"line":833,"type":"if","locations":[{"start":{"line":833,"column":8},"end":{"line":833,"column":8}},{"start":{"line":833,"column":8},"end":{"line":833,"column":8}}]},"41":{"line":849,"type":"if","locations":[{"start":{"line":849,"column":8},"end":{"line":849,"column":8}},{"start":{"line":849,"column":8},"end":{"line":849,"column":8}}]},"42":{"line":862,"type":"if","locations":[{"start":{"line":862,"column":8},"end":{"line":862,"column":8}},{"start":{"line":862,"column":8},"end":{"line":862,"column":8}}]},"43":{"line":868,"type":"if","locations":[{"start":{"line":868,"column":8},"end":{"line":868,"column":8}},{"start":{"line":868,"column":8},"end":{"line":868,"column":8}}]},"44":{"line":877,"type":"if","locations":[{"start":{"line":877,"column":8},"end":{"line":877,"column":8}},{"start":{"line":877,"column":8},"end":{"line":877,"column":8}}]},"45":{"line":982,"type":"if","locations":[{"start":{"line":982,"column":8},"end":{"line":982,"column":8}},{"start":{"line":982,"column":8},"end":{"line":982,"column":8}}]},"46":{"line":983,"type":"if","locations":[{"start":{"line":983,"column":12},"end":{"line":983,"column":12}},{"start":{"line":983,"column":12},"end":{"line":983,"column":12}}]},"47":{"line":993,"type":"if","locations":[{"start":{"line":993,"column":12},"end":{"line":993,"column":12}},{"start":{"line":993,"column":12},"end":{"line":993,"column":12}}]},"48":{"line":1010,"type":"if","locations":[{"start":{"line":1010,"column":8},"end":{"line":1010,"column":8}},{"start":{"line":1010,"column":8},"end":{"line":1010,"column":8}}]},"49":{"line":1084,"type":"if","locations":[{"start":{"line":1084,"column":8},"end":{"line":1084,"column":8}},{"start":{"line":1084,"column":8},"end":{"line":1084,"column":8}}]},"50":{"line":1085,"type":"if","locations":[{"start":{"line":1085,"column":12},"end":{"line":1085,"column":12}},{"start":{"line":1085,"column":12},"end":{"line":1085,"column":12}}]},"51":{"line":1119,"type":"if","locations":[{"start":{"line":1119,"column":8},"end":{"line":1119,"column":8}},{"start":{"line":1119,"column":8},"end":{"line":1119,"column":8}}]}}},"contracts\\erc721psi\\ERC721Psi.sol":{"l":{"51":6,"52":6,"65":0,"82":4,"84":3,"85":3,"86":60,"87":59,"88":59,"92":3,"105":394,"106":394,"110":451,"111":451,"112":451,"119":1,"126":0,"133":0,"135":0,"136":0,"145":0,"153":50,"154":50,"156":50,"161":50,"174":56,"179":56,"190":1,"192":1,"193":1,"206":2,"218":1,"223":1,"234":56,"246":56,"250":56,"277":56,"278":55,"292":625,"308":57,"312":57,"313":57,"329":3,"338":3,"339":3,"340":3,"351":3,"353":3,"354":3,"356":3,"357":3,"358":3,"359":3,"360":3,"363":3,"364":60,"385":57,"387":57,"391":56,"393":56,"396":56,"398":56,"400":56,"403":27,"404":27,"407":56,"408":56,"409":4,"412":56,"414":56,"423":106,"424":106,"445":58,"446":28,"447":28,"448":28,"449":28,"451":0,"452":0,"454":0,"460":28,"462":30,"466":1345,"469":451,"476":0,"483":0,"485":0,"486":0,"487":0,"488":0,"492":0,"499":0,"500":0,"501":0,"502":0,"507":0},"path":"F:\\1.devproject\\nft_marketplace_playestates\\contract-marketplace-v1\\contracts\\erc721psi\\ERC721Psi.sol","s":{"1":6,"2":6,"3":0,"4":4,"5":3,"6":3,"7":60,"8":59,"9":3,"10":394,"11":394,"12":451,"13":451,"14":451,"15":1,"16":0,"17":0,"18":0,"19":0,"20":0,"21":50,"22":50,"23":50,"24":50,"25":56,"26":56,"27":1,"28":1,"29":1,"30":2,"31":1,"32":1,"33":56,"34":56,"35":56,"36":56,"37":55,"38":625,"39":57,"40":57,"41":57,"42":3,"43":3,"44":3,"45":3,"46":3,"47":3,"48":3,"49":3,"50":3,"51":3,"52":3,"53":3,"54":3,"55":60,"56":57,"57":57,"58":56,"59":56,"60":56,"61":56,"62":56,"63":27,"64":27,"65":56,"66":56,"67":4,"68":56,"69":56,"70":106,"71":106,"72":58,"73":28,"74":28,"75":28,"76":28,"77":0,"78":0,"79":28,"80":30,"81":1345,"82":451,"83":0,"84":0,"85":0,"86":0,"87":0,"88":0,"89":0,"90":0,"91":0,"92":0,"93":0,"94":0,"95":0,"96":0},"b":{"1":[3,1],"2":[59,1],"3":[59,0],"4":[451,0],"5":[0,0],"6":[50,0],"7":[50,0],"8":[56,0],"9":[1,0],"10":[1,0],"11":[56,0],"12":[55,0],"13":[57,0],"14":[3,0],"15":[3,0],"16":[3,0],"17":[56,1],"18":[56,0],"19":[27,29],"20":[4,52],"21":[28,30],"22":[0,0],"23":[0,0],"24":[0,0],"25":[0,0],"26":[0,0],"27":[0,0]},"f":{"1":6,"2":0,"3":4,"4":394,"5":451,"6":1,"7":0,"8":0,"9":0,"10":50,"11":56,"12":1,"13":2,"14":1,"15":56,"16":56,"17":56,"18":625,"19":57,"20":3,"21":3,"22":3,"23":57,"24":106,"25":58,"26":1345,"27":451,"28":0,"29":0,"30":0,"31":60,"32":60},"fnMap":{"1":{"name":"constructor","line":50,"loc":{"start":{"line":50,"column":4},"end":{"line":53,"column":4}}},"2":{"name":"supportsInterface","line":58,"loc":{"start":{"line":58,"column":4},"end":{"line":70,"column":4}}},"3":{"name":"balanceOf","line":75,"loc":{"start":{"line":75,"column":4},"end":{"line":93,"column":4}}},"4":{"name":"ownerOf","line":98,"loc":{"start":{"line":98,"column":4},"end":{"line":107,"column":4}}},"5":{"name":"_ownerAndBatchHeadOf","line":109,"loc":{"start":{"line":109,"column":4},"end":{"line":113,"column":4}}},"6":{"name":"name","line":118,"loc":{"start":{"line":118,"column":4},"end":{"line":120,"column":4}}},"7":{"name":"symbol","line":125,"loc":{"start":{"line":125,"column":4},"end":{"line":127,"column":4}}},"8":{"name":"tokenURI","line":132,"loc":{"start":{"line":132,"column":4},"end":{"line":137,"column":4}}},"9":{"name":"_baseURI","line":144,"loc":{"start":{"line":144,"column":4},"end":{"line":146,"column":4}}},"10":{"name":"approve","line":152,"loc":{"start":{"line":152,"column":4},"end":{"line":162,"column":4}}},"11":{"name":"getApproved","line":167,"loc":{"start":{"line":167,"column":4},"end":{"line":180,"column":4}}},"12":{"name":"setApprovalForAll","line":185,"loc":{"start":{"line":185,"column":4},"end":{"line":194,"column":4}}},"13":{"name":"isApprovedForAll","line":199,"loc":{"start":{"line":199,"column":4},"end":{"line":207,"column":4}}},"14":{"name":"transferFrom","line":212,"loc":{"start":{"line":212,"column":4},"end":{"line":224,"column":4}}},"15":{"name":"safeTransferFrom","line":229,"loc":{"start":{"line":229,"column":4},"end":{"line":235,"column":4}}},"16":{"name":"safeTransferFrom","line":240,"loc":{"start":{"line":240,"column":4},"end":{"line":251,"column":4}}},"17":{"name":"_safeTransfer","line":271,"loc":{"start":{"line":271,"column":4},"end":{"line":282,"column":4}}},"18":{"name":"_exists","line":291,"loc":{"start":{"line":291,"column":4},"end":{"line":293,"column":4}}},"19":{"name":"_isApprovedOrOwner","line":302,"loc":{"start":{"line":302,"column":4},"end":{"line":316,"column":4}}},"20":{"name":"_safeMint","line":328,"loc":{"start":{"line":328,"column":4},"end":{"line":330,"column":4}}},"21":{"name":"_safeMint","line":333,"loc":{"start":{"line":333,"column":4},"end":{"line":344,"column":4}}},"22":{"name":"_mint","line":347,"loc":{"start":{"line":347,"column":4},"end":{"line":366,"column":4}}},"23":{"name":"_transfer","line":380,"loc":{"start":{"line":380,"column":4},"end":{"line":415,"column":4}}},"24":{"name":"_approve","line":422,"loc":{"start":{"line":422,"column":4},"end":{"line":425,"column":4}}},"25":{"name":"_checkOnERC721Received","line":438,"loc":{"start":{"line":438,"column":4},"end":{"line":464,"column":4}}},"26":{"name":"_startTokenId","line":465,"loc":{"start":{"line":465,"column":4},"end":{"line":467,"column":4}}},"27":{"name":"_getBatchHead","line":468,"loc":{"start":{"line":468,"column":4},"end":{"line":470,"column":4}}},"28":{"name":"totalSupply","line":475,"loc":{"start":{"line":475,"column":4},"end":{"line":477,"column":4}}},"29":{"name":"tokenByIndex","line":482,"loc":{"start":{"line":482,"column":4},"end":{"line":493,"column":4}}},"30":{"name":"tokenOfOwnerByIndex","line":498,"loc":{"start":{"line":498,"column":4},"end":{"line":508,"column":4}}},"31":{"name":"_beforeTokenTransfers","line":523,"loc":{"start":{"line":523,"column":4},"end":{"line":528,"column":24}}},"32":{"name":"_afterTokenTransfers","line":542,"loc":{"start":{"line":542,"column":4},"end":{"line":547,"column":24}}}},"statementMap":{"1":{"start":{"line":51,"column":8},"end":{"line":51,"column":20}},"2":{"start":{"line":52,"column":8},"end":{"line":52,"column":24}},"3":{"start":{"line":65,"column":8},"end":{"line":65,"column":2431}},"4":{"start":{"line":82,"column":8},"end":{"line":82,"column":84}},"5":{"start":{"line":84,"column":8},"end":{"line":84,"column":18}},"6":{"start":{"line":85,"column":8},"end":{"line":85,"column":2944}},"7":{"start":{"line":86,"column":12},"end":{"line":86,"column":3029}},"8":{"start":{"line":87,"column":16},"end":{"line":87,"column":3065}},"9":{"start":{"line":92,"column":8},"end":{"line":92,"column":20}},"10":{"start":{"line":105,"column":8},"end":{"line":105,"column":56}},"11":{"start":{"line":106,"column":8},"end":{"line":106,"column":20}},"12":{"start":{"line":110,"column":8},"end":{"line":110,"column":80}},"13":{"start":{"line":111,"column":8},"end":{"line":111,"column":48}},"14":{"start":{"line":112,"column":8},"end":{"line":112,"column":40}},"15":{"start":{"line":119,"column":8},"end":{"line":119,"column":20}},"16":{"start":{"line":126,"column":8},"end":{"line":126,"column":22}},"17":{"start":{"line":133,"column":8},"end":{"line":133,"column":78}},"18":{"start":{"line":135,"column":8},"end":{"line":135,"column":42}},"19":{"start":{"line":136,"column":8},"end":{"line":136,"column":101}},"20":{"start":{"line":145,"column":8},"end":{"line":145,"column":17}},"21":{"start":{"line":153,"column":8},"end":{"line":153,"column":40}},"22":{"start":{"line":154,"column":8},"end":{"line":154,"column":67}},"23":{"start":{"line":156,"column":8},"end":{"line":156,"column":5050}},"24":{"start":{"line":161,"column":8},"end":{"line":161,"column":28}},"25":{"start":{"line":174,"column":8},"end":{"line":174,"column":5457}},"26":{"start":{"line":179,"column":8},"end":{"line":179,"column":39}},"27":{"start":{"line":190,"column":8},"end":{"line":190,"column":72}},"28":{"start":{"line":192,"column":8},"end":{"line":192,"column":60}},"29":{"start":{"line":193,"column":8},"end":{"line":193,"column":61}},"30":{"start":{"line":206,"column":8},"end":{"line":206,"column":50}},"31":{"start":{"line":218,"column":8},"end":{"line":218,"column":6519}},"32":{"start":{"line":223,"column":8},"end":{"line":223,"column":35}},"33":{"start":{"line":234,"column":8},"end":{"line":234,"column":46}},"34":{"start":{"line":246,"column":8},"end":{"line":246,"column":7177}},"35":{"start":{"line":250,"column":8},"end":{"line":250,"column":46}},"36":{"start":{"line":277,"column":8},"end":{"line":277,"column":35}},"37":{"start":{"line":278,"column":8},"end":{"line":278,"column":8424}},"38":{"start":{"line":292,"column":8},"end":{"line":292,"column":80}},"39":{"start":{"line":308,"column":8},"end":{"line":308,"column":9290}},"40":{"start":{"line":312,"column":8},"end":{"line":312,"column":40}},"41":{"start":{"line":313,"column":8},"end":{"line":313,"column":9489}},"42":{"start":{"line":329,"column":8},"end":{"line":329,"column":34}},"43":{"start":{"line":338,"column":8},"end":{"line":338,"column":38}},"44":{"start":{"line":339,"column":8},"end":{"line":339,"column":26}},"45":{"start":{"line":340,"column":8},"end":{"line":340,"column":10246}},"46":{"start":{"line":351,"column":8},"end":{"line":351,"column":60}},"47":{"start":{"line":353,"column":8},"end":{"line":353,"column":69}},"48":{"start":{"line":354,"column":8},"end":{"line":354,"column":71}},"49":{"start":{"line":356,"column":8},"end":{"line":356,"column":72}},"50":{"start":{"line":357,"column":8},"end":{"line":357,"column":26}},"51":{"start":{"line":358,"column":8},"end":{"line":358,"column":37}},"52":{"start":{"line":359,"column":8},"end":{"line":359,"column":39}},"53":{"start":{"line":360,"column":8},"end":{"line":360,"column":71}},"54":{"start":{"line":363,"column":8},"end":{"line":363,"column":11041}},"55":{"start":{"line":364,"column":12},"end":{"line":364,"column":50}},"56":{"start":{"line":385,"column":8},"end":{"line":385,"column":81}},"57":{"start":{"line":387,"column":8},"end":{"line":387,"column":11725}},"58":{"start":{"line":391,"column":8},"end":{"line":391,"column":75}},"59":{"start":{"line":393,"column":8},"end":{"line":393,"column":50}},"60":{"start":{"line":396,"column":8},"end":{"line":396,"column":36}},"61":{"start":{"line":398,"column":8},"end":{"line":398,"column":41}},"62":{"start":{"line":400,"column":8},"end":{"line":400,"column":12110}},"63":{"start":{"line":403,"column":12},"end":{"line":403,"column":38}},"64":{"start":{"line":404,"column":12},"end":{"line":404,"column":38}},"65":{"start":{"line":407,"column":8},"end":{"line":407,"column":28}},"66":{"start":{"line":408,"column":8},"end":{"line":408,"column":12343}},"67":{"start":{"line":409,"column":12},"end":{"line":409,"column":34}},"68":{"start":{"line":412,"column":8},"end":{"line":412,"column":40}},"69":{"start":{"line":414,"column":8},"end":{"line":414,"column":49}},"70":{"start":{"line":423,"column":8},"end":{"line":423,"column":36}},"71":{"start":{"line":424,"column":8},"end":{"line":424,"column":52}},"72":{"start":{"line":445,"column":8},"end":{"line":445,"column":13640}},"73":{"start":{"line":446,"column":12},"end":{"line":446,"column":19}},"74":{"start":{"line":447,"column":12},"end":{"line":447,"column":13701}},"75":{"start":{"line":448,"column":16},"end":{"line":448,"column":13804}},"76":{"start":{"line":449,"column":20},"end":{"line":449,"column":79}},"77":{"start":{"line":451,"column":20},"end":{"line":451,"column":14061}},"78":{"start":{"line":452,"column":24},"end":{"line":452,"column":86}},"79":{"start":{"line":460,"column":12},"end":{"line":460,"column":20}},"80":{"start":{"line":462,"column":12},"end":{"line":462,"column":23}},"81":{"start":{"line":466,"column":8},"end":{"line":466,"column":16}},"82":{"start":{"line":469,"column":8},"end":{"line":469,"column":57}},"83":{"start":{"line":476,"column":8},"end":{"line":476,"column":22}},"84":{"start":{"line":483,"column":8},"end":{"line":483,"column":78}},"85":{"start":{"line":485,"column":8},"end":{"line":485,"column":18}},"86":{"start":{"line":486,"column":8},"end":{"line":486,"column":15159}},"87":{"start":{"line":487,"column":12},"end":{"line":487,"column":15241}},"88":{"start":{"line":488,"column":16},"end":{"line":488,"column":15289}},"89":{"start":{"line":488,"column":35},"end":{"line":488,"column":43}},"90":{"start":{"line":492,"column":8},"end":{"line":492,"column":16}},"91":{"start":{"line":499,"column":8},"end":{"line":499,"column":18}},"92":{"start":{"line":500,"column":8},"end":{"line":500,"column":15598}},"93":{"start":{"line":501,"column":12},"end":{"line":501,"column":15680}},"94":{"start":{"line":502,"column":16},"end":{"line":502,"column":15751}},"95":{"start":{"line":502,"column":35},"end":{"line":502,"column":43}},"96":{"start":{"line":507,"column":8},"end":{"line":507,"column":53}}},"branchMap":{"1":{"line":82,"type":"if","locations":[{"start":{"line":82,"column":8},"end":{"line":82,"column":8}},{"start":{"line":82,"column":8},"end":{"line":82,"column":8}}]},"2":{"line":86,"type":"if","locations":[{"start":{"line":86,"column":12},"end":{"line":86,"column":12}},{"start":{"line":86,"column":12},"end":{"line":86,"column":12}}]},"3":{"line":87,"type":"if","locations":[{"start":{"line":87,"column":16},"end":{"line":87,"column":16}},{"start":{"line":87,"column":16},"end":{"line":87,"column":16}}]},"4":{"line":110,"type":"if","locations":[{"start":{"line":110,"column":8},"end":{"line":110,"column":8}},{"start":{"line":110,"column":8},"end":{"line":110,"column":8}}]},"5":{"line":133,"type":"if","locations":[{"start":{"line":133,"column":8},"end":{"line":133,"column":8}},{"start":{"line":133,"column":8},"end":{"line":133,"column":8}}]},"6":{"line":154,"type":"if","locations":[{"start":{"line":154,"column":8},"end":{"line":154,"column":8}},{"start":{"line":154,"column":8},"end":{"line":154,"column":8}}]},"7":{"line":156,"type":"if","locations":[{"start":{"line":156,"column":8},"end":{"line":156,"column":8}},{"start":{"line":156,"column":8},"end":{"line":156,"column":8}}]},"8":{"line":174,"type":"if","locations":[{"start":{"line":174,"column":8},"end":{"line":174,"column":8}},{"start":{"line":174,"column":8},"end":{"line":174,"column":8}}]},"9":{"line":190,"type":"if","locations":[{"start":{"line":190,"column":8},"end":{"line":190,"column":8}},{"start":{"line":190,"column":8},"end":{"line":190,"column":8}}]},"10":{"line":218,"type":"if","locations":[{"start":{"line":218,"column":8},"end":{"line":218,"column":8}},{"start":{"line":218,"column":8},"end":{"line":218,"column":8}}]},"11":{"line":246,"type":"if","locations":[{"start":{"line":246,"column":8},"end":{"line":246,"column":8}},{"start":{"line":246,"column":8},"end":{"line":246,"column":8}}]},"12":{"line":278,"type":"if","locations":[{"start":{"line":278,"column":8},"end":{"line":278,"column":8}},{"start":{"line":278,"column":8},"end":{"line":278,"column":8}}]},"13":{"line":308,"type":"if","locations":[{"start":{"line":308,"column":8},"end":{"line":308,"column":8}},{"start":{"line":308,"column":8},"end":{"line":308,"column":8}}]},"14":{"line":340,"type":"if","locations":[{"start":{"line":340,"column":8},"end":{"line":340,"column":8}},{"start":{"line":340,"column":8},"end":{"line":340,"column":8}}]},"15":{"line":353,"type":"if","locations":[{"start":{"line":353,"column":8},"end":{"line":353,"column":8}},{"start":{"line":353,"column":8},"end":{"line":353,"column":8}}]},"16":{"line":354,"type":"if","locations":[{"start":{"line":354,"column":8},"end":{"line":354,"column":8}},{"start":{"line":354,"column":8},"end":{"line":354,"column":8}}]},"17":{"line":387,"type":"if","locations":[{"start":{"line":387,"column":8},"end":{"line":387,"column":8}},{"start":{"line":387,"column":8},"end":{"line":387,"column":8}}]},"18":{"line":391,"type":"if","locations":[{"start":{"line":391,"column":8},"end":{"line":391,"column":8}},{"start":{"line":391,"column":8},"end":{"line":391,"column":8}}]},"19":{"line":400,"type":"if","locations":[{"start":{"line":400,"column":8},"end":{"line":400,"column":8}},{"start":{"line":400,"column":8},"end":{"line":400,"column":8}}]},"20":{"line":408,"type":"if","locations":[{"start":{"line":408,"column":8},"end":{"line":408,"column":8}},{"start":{"line":408,"column":8},"end":{"line":408,"column":8}}]},"21":{"line":445,"type":"if","locations":[{"start":{"line":445,"column":8},"end":{"line":445,"column":8}},{"start":{"line":445,"column":8},"end":{"line":445,"column":8}}]},"22":{"line":451,"type":"if","locations":[{"start":{"line":451,"column":20},"end":{"line":451,"column":20}},{"start":{"line":451,"column":20},"end":{"line":451,"column":20}}]},"23":{"line":483,"type":"if","locations":[{"start":{"line":483,"column":8},"end":{"line":483,"column":8}},{"start":{"line":483,"column":8},"end":{"line":483,"column":8}}]},"24":{"line":487,"type":"if","locations":[{"start":{"line":487,"column":12},"end":{"line":487,"column":12}},{"start":{"line":487,"column":12},"end":{"line":487,"column":12}}]},"25":{"line":488,"type":"if","locations":[{"start":{"line":488,"column":16},"end":{"line":488,"column":16}},{"start":{"line":488,"column":16},"end":{"line":488,"column":16}}]},"26":{"line":501,"type":"if","locations":[{"start":{"line":501,"column":12},"end":{"line":501,"column":12}},{"start":{"line":501,"column":12},"end":{"line":501,"column":12}}]},"27":{"line":502,"type":"if","locations":[{"start":{"line":502,"column":16},"end":{"line":502,"column":16}},{"start":{"line":502,"column":16},"end":{"line":502,"column":16}}]}}},"contracts\\interface\\IMembershipNFT.sol":{"l":{},"path":"F:\\1.devproject\\nft_marketplace_playestates\\contract-marketplace-v1\\contracts\\interface\\IMembershipNFT.sol","s":{},"b":{},"f":{},"fnMap":{},"statementMap":{},"branchMap":{}},"contracts\\interface\\INFTEngine.sol":{"l":{},"path":"F:\\1.devproject\\nft_marketplace_playestates\\contract-marketplace-v1\\contracts\\interface\\INFTEngine.sol","s":{},"b":{},"f":{},"fnMap":{},"statementMap":{},"branchMap":{}},"contracts\\library\\Base64.sol":{"l":{"12":1,"15":1,"18":1,"20":1,"22":1,"68":1},"path":"F:\\1.devproject\\nft_marketplace_playestates\\contract-marketplace-v1\\contracts\\library\\Base64.sol","s":{"1":1,"2":1,"3":1,"4":1,"5":1},"b":{},"f":{"1":1},"fnMap":{"1":{"name":"encode","line":9,"loc":{"start":{"line":9,"column":4},"end":{"line":69,"column":4}}}},"statementMap":{"1":{"start":{"line":12,"column":8},"end":{"line":12,"column":33}},"2":{"start":{"line":15,"column":8},"end":{"line":15,"column":48}},"3":{"start":{"line":18,"column":8},"end":{"line":18,"column":56}},"4":{"start":{"line":20,"column":8},"end":{"line":20,"column":34}},"5":{"start":{"line":68,"column":8},"end":{"line":68,"column":29}}},"branchMap":{}},"contracts\\library\\LTypes.sol":{"l":{},"path":"F:\\1.devproject\\nft_marketplace_playestates\\contract-marketplace-v1\\contracts\\library\\LTypes.sol","s":{},"b":{},"f":{},"fnMap":{},"statementMap":{},"branchMap":{}},"contracts\\test\\CustomNFTMock.sol":{"l":{"13":1},"path":"F:\\1.devproject\\nft_marketplace_playestates\\contract-marketplace-v1\\contracts\\test\\CustomNFTMock.sol","s":{"1":1},"b":{},"f":{"1":3,"2":1},"fnMap":{"1":{"name":"constructor","line":8,"loc":{"start":{"line":7,"column":4},"end":{"line":9,"column":5}}},"2":{"name":"mint","line":12,"loc":{"start":{"line":11,"column":4},"end":{"line":14,"column":4}}}},"statementMap":{"1":{"start":{"line":13,"column":8},"end":{"line":13,"column":29}}},"branchMap":{}},"contracts\\token\\MembershipNFT.sol":{"l":{"35":3,"37":3,"43":6,"44":6,"50":3,"53":3,"55":3,"56":60,"57":60,"58":60,"60":3,"62":3,"67":2,"70":1,"71":1,"73":1,"74":1,"80":1,"85":1,"92":2,"93":1,"95":1,"96":1,"97":1,"115":1,"132":1,"135":1,"141":1,"147":1,"152":1,"153":1,"154":1,"156":1,"158":1,"164":1,"166":1,"167":1,"168":1,"175":1,"176":1,"177":1,"184":626,"185":1,"187":625},"path":"F:\\1.devproject\\nft_marketplace_playestates\\contract-marketplace-v1\\contracts\\token\\MembershipNFT.sol","s":{"1":3,"2":6,"3":6,"4":3,"5":3,"6":3,"7":60,"8":60,"9":60,"10":3,"11":3,"12":2,"13":1,"14":1,"15":1,"16":1,"17":2,"18":1,"19":1,"20":1,"21":1,"22":1,"23":1,"24":1,"25":1,"26":1,"27":1,"28":1,"29":1,"30":1,"31":1,"32":1,"33":1,"34":1,"35":1,"36":1,"37":626,"38":1,"39":625},"b":{"1":[3,0],"2":[3,0],"3":[1,1],"4":[1,1],"5":[1,625]},"f":{"1":3,"2":6,"3":3,"4":2,"5":1,"6":1,"7":2,"8":1,"9":1,"10":1,"11":1,"12":1,"13":626},"fnMap":{"1":{"name":"validTokenType","line":34,"loc":{"start":{"line":34,"column":4},"end":{"line":38,"column":4}}},"2":{"name":"constructor","line":41,"loc":{"start":{"line":40,"column":4},"end":{"line":45,"column":4}}},"3":{"name":"mint","line":49,"loc":{"start":{"line":47,"column":4},"end":{"line":63,"column":4}}},"4":{"name":"burn","line":65,"loc":{"start":{"line":65,"column":4},"end":{"line":75,"column":4}}},"5":{"name":"setImageURI","line":79,"loc":{"start":{"line":78,"column":4},"end":{"line":81,"column":4}}},"6":{"name":"setAnimationURI","line":84,"loc":{"start":{"line":83,"column":4},"end":{"line":86,"column":4}}},"7":{"name":"tokenURI","line":88,"loc":{"start":{"line":88,"column":4},"end":{"line":136,"column":4}}},"8":{"name":"totalSupply","line":138,"loc":{"start":{"line":138,"column":4},"end":{"line":142,"column":4}}},"9":{"name":"getMintedPerType","line":146,"loc":{"start":{"line":144,"column":4},"end":{"line":148,"column":4}}},"10":{"name":"_burn","line":150,"loc":{"start":{"line":150,"column":4},"end":{"line":159,"column":4}}},"11":{"name":"_burned","line":161,"loc":{"start":{"line":161,"column":4},"end":{"line":170,"column":4}}},"12":{"name":"_popcount","line":172,"loc":{"start":{"line":172,"column":4},"end":{"line":179,"column":4}}},"13":{"name":"_exists","line":181,"loc":{"start":{"line":181,"column":4},"end":{"line":188,"column":4}}}},"statementMap":{"1":{"start":{"line":35,"column":8},"end":{"line":35,"column":1102}},"2":{"start":{"line":43,"column":8},"end":{"line":43,"column":111}},"3":{"start":{"line":44,"column":8},"end":{"line":44,"column":115}},"4":{"start":{"line":50,"column":8},"end":{"line":50,"column":1741}},"5":{"start":{"line":53,"column":8},"end":{"line":53,"column":30}},"6":{"start":{"line":55,"column":8},"end":{"line":55,"column":1863}},"7":{"start":{"line":56,"column":12},"end":{"line":56,"column":55}},"8":{"start":{"line":57,"column":12},"end":{"line":57,"column":32}},"9":{"start":{"line":58,"column":12},"end":{"line":58,"column":42}},"10":{"start":{"line":60,"column":8},"end":{"line":60,"column":41}},"11":{"start":{"line":62,"column":8},"end":{"line":62,"column":45}},"12":{"start":{"line":67,"column":8},"end":{"line":67,"column":2255}},"13":{"start":{"line":73,"column":8},"end":{"line":73,"column":21}},"14":{"start":{"line":74,"column":8},"end":{"line":74,"column":40}},"15":{"start":{"line":80,"column":8},"end":{"line":80,"column":30}},"16":{"start":{"line":85,"column":8},"end":{"line":85,"column":38}},"17":{"start":{"line":92,"column":8},"end":{"line":92,"column":2904}},"18":{"start":{"line":95,"column":8},"end":{"line":95,"column":56}},"19":{"start":{"line":96,"column":8},"end":{"line":96,"column":60}},"20":{"start":{"line":97,"column":8},"end":{"line":97,"column":3073}},"21":{"start":{"line":115,"column":8},"end":{"line":115,"column":3640}},"22":{"start":{"line":132,"column":8},"end":{"line":132,"column":4266}},"23":{"start":{"line":135,"column":8},"end":{"line":135,"column":21}},"24":{"start":{"line":141,"column":8},"end":{"line":141,"column":34}},"25":{"start":{"line":147,"column":8},"end":{"line":147,"column":37}},"26":{"start":{"line":152,"column":8},"end":{"line":152,"column":39}},"27":{"start":{"line":153,"column":8},"end":{"line":153,"column":58}},"28":{"start":{"line":154,"column":8},"end":{"line":154,"column":32}},"29":{"start":{"line":156,"column":8},"end":{"line":156,"column":48}},"30":{"start":{"line":158,"column":8},"end":{"line":158,"column":57}},"31":{"start":{"line":164,"column":8},"end":{"line":164,"column":48}},"32":{"start":{"line":166,"column":8},"end":{"line":166,"column":5174}},"33":{"start":{"line":167,"column":12},"end":{"line":167,"column":54}},"34":{"start":{"line":168,"column":12},"end":{"line":168,"column":38}},"35":{"start":{"line":176,"column":12},"end":{"line":176,"column":5471}},"36":{"start":{"line":177,"column":16},"end":{"line":177,"column":25}},"37":{"start":{"line":184,"column":8},"end":{"line":184,"column":5638}},"38":{"start":{"line":185,"column":12},"end":{"line":185,"column":24}},"39":{"start":{"line":187,"column":8},"end":{"line":187,"column":37}}},"branchMap":{"1":{"line":35,"type":"if","locations":[{"start":{"line":35,"column":8},"end":{"line":35,"column":8}},{"start":{"line":35,"column":8},"end":{"line":35,"column":8}}]},"2":{"line":50,"type":"if","locations":[{"start":{"line":50,"column":8},"end":{"line":50,"column":8}},{"start":{"line":50,"column":8},"end":{"line":50,"column":8}}]},"3":{"line":67,"type":"if","locations":[{"start":{"line":67,"column":8},"end":{"line":67,"column":8}},{"start":{"line":67,"column":8},"end":{"line":67,"column":8}}]},"4":{"line":92,"type":"if","locations":[{"start":{"line":92,"column":8},"end":{"line":92,"column":8}},{"start":{"line":92,"column":8},"end":{"line":92,"column":8}}]},"5":{"line":184,"type":"if","locations":[{"start":{"line":184,"column":8},"end":{"line":184,"column":8}},{"start":{"line":184,"column":8},"end":{"line":184,"column":8}}]}}},"contracts\\token\\PlayEstatesBrickToken.sol":{"l":{"15":6,"16":6,"17":6,"23":4,"29":4,"35":1,"41":2,"47":2,"53":1,"59":1,"81":18,"82":3,"85":15,"87":4,"90":11,"92":7,"95":4,"97":2,"100":2},"path":"F:\\1.devproject\\nft_marketplace_playestates\\contract-marketplace-v1\\contracts\\token\\PlayEstatesBrickToken.sol","s":{"1":6,"2":6,"3":6,"4":4,"5":4,"6":1,"7":2,"8":2,"9":1,"10":1,"11":18,"12":3,"13":15,"14":4,"15":11,"16":7,"17":4,"18":2,"19":2},"b":{"1":[3,15],"2":[4,11],"3":[7,4],"4":[2,2],"5":[1,1]},"f":{"1":6,"2":4,"3":4,"4":1,"5":2,"6":2,"7":1,"8":1,"9":18},"fnMap":{"1":{"name":"constructor","line":14,"loc":{"start":{"line":13,"column":4},"end":{"line":18,"column":4}}},"2":{"name":"mint","line":22,"loc":{"start":{"line":20,"column":4},"end":{"line":24,"column":4}}},"3":{"name":"decimals","line":26,"loc":{"start":{"line":26,"column":4},"end":{"line":30,"column":4}}},"4":{"name":"setGameEngine","line":34,"loc":{"start":{"line":32,"column":4},"end":{"line":36,"column":4}}},"5":{"name":"setMarketplaceEngine","line":40,"loc":{"start":{"line":38,"column":4},"end":{"line":42,"column":4}}},"6":{"name":"setMintRole","line":46,"loc":{"start":{"line":44,"column":4},"end":{"line":48,"column":4}}},"7":{"name":"clearMintRole","line":52,"loc":{"start":{"line":50,"column":4},"end":{"line":54,"column":4}}},"8":{"name":"setLock","line":58,"loc":{"start":{"line":56,"column":4},"end":{"line":60,"column":4}}},"9":{"name":"_beforeTokenTransfer","line":76,"loc":{"start":{"line":76,"column":4},"end":{"line":101,"column":4}}}},"statementMap":{"1":{"start":{"line":15,"column":8},"end":{"line":15,"column":49}},"2":{"start":{"line":16,"column":8},"end":{"line":16,"column":42}},"3":{"start":{"line":17,"column":8},"end":{"line":17,"column":20}},"4":{"start":{"line":23,"column":8},"end":{"line":23,"column":43}},"5":{"start":{"line":29,"column":8},"end":{"line":29,"column":16}},"6":{"start":{"line":35,"column":8},"end":{"line":35,"column":44}},"7":{"start":{"line":41,"column":8},"end":{"line":41,"column":46}},"8":{"start":{"line":47,"column":8},"end":{"line":47,"column":38}},"9":{"start":{"line":53,"column":8},"end":{"line":53,"column":39}},"10":{"start":{"line":59,"column":8},"end":{"line":59,"column":20}},"11":{"start":{"line":81,"column":8},"end":{"line":81,"column":2365}},"12":{"start":{"line":82,"column":12},"end":{"line":82,"column":18}},"13":{"start":{"line":85,"column":8},"end":{"line":85,"column":2427}},"14":{"start":{"line":87,"column":12},"end":{"line":87,"column":18}},"15":{"start":{"line":90,"column":8},"end":{"line":90,"column":2557}},"16":{"start":{"line":92,"column":12},"end":{"line":92,"column":18}},"17":{"start":{"line":95,"column":8},"end":{"line":95,"column":2736}},"18":{"start":{"line":97,"column":12},"end":{"line":97,"column":18}},"19":{"start":{"line":100,"column":8},"end":{"line":100,"column":62}}},"branchMap":{"1":{"line":81,"type":"if","locations":[{"start":{"line":81,"column":8},"end":{"line":81,"column":8}},{"start":{"line":81,"column":8},"end":{"line":81,"column":8}}]},"2":{"line":85,"type":"if","locations":[{"start":{"line":85,"column":8},"end":{"line":85,"column":8}},{"start":{"line":85,"column":8},"end":{"line":85,"column":8}}]},"3":{"line":90,"type":"if","locations":[{"start":{"line":90,"column":8},"end":{"line":90,"column":8}},{"start":{"line":90,"column":8},"end":{"line":90,"column":8}}]},"4":{"line":95,"type":"if","locations":[{"start":{"line":95,"column":8},"end":{"line":95,"column":8}},{"start":{"line":95,"column":8},"end":{"line":95,"column":8}}]},"5":{"line":100,"type":"if","locations":[{"start":{"line":100,"column":8},"end":{"line":100,"column":8}},{"start":{"line":100,"column":8},"end":{"line":100,"column":8}}]}}}}