{"contracts\\engine\\NFTEngineV1.sol":{"l":{"108":25,"109":1,"111":24,"116":7,"117":2,"118":5,"123":4,"125":2,"126":2,"131":23,"133":2,"134":21,"139":13,"141":1,"142":12,"147":4,"149":1,"150":3,"155":49,"159":48,"160":1,"161":47,"166":26,"167":1,"168":25,"175":52,"176":1,"177":51,"184":51,"185":51,"186":103,"187":103,"188":1,"191":50,"196":14,"197":1,"198":13,"206":3,"207":3,"208":3,"209":3,"223":28,"232":4,"234":3,"237":2,"239":2,"247":2,"250":1,"252":1,"262":3,"271":24,"272":24,"273":24,"274":24,"275":11,"276":11,"277":11,"279":24,"288":26,"289":26,"290":26,"291":26,"292":11,"293":11,"294":11,"296":26,"319":33,"323":32,"326":31,"327":1,"329":30,"330":1,"332":29,"343":26,"353":26,"364":2,"365":1,"375":21,"376":21,"387":2,"388":1,"390":1,"391":1,"392":1,"412":11,"428":11,"429":1,"431":10,"436":9,"442":9,"444":9,"460":2,"464":2,"465":1,"467":1,"471":1,"475":1,"476":1,"483":1,"505":24,"508":23,"532":23,"534":23,"535":23,"537":23,"538":23,"539":23,"540":23,"541":23,"542":23,"544":23,"560":21,"561":21,"566":21,"579":3,"591":1,"601":1,"612":2,"613":1,"615":1,"628":3,"629":3,"630":3,"631":3,"632":3,"633":3,"635":3,"637":2,"639":1,"642":1,"643":0,"646":1,"649":1,"650":0,"655":1,"656":0,"658":1,"659":0,"662":2,"668":2,"700":27,"702":1,"704":26,"705":26,"707":26,"708":26,"709":26,"710":26,"711":26,"712":26,"713":26,"714":26,"726":14,"739":2,"749":33,"750":33,"761":35,"762":35,"777":10,"779":10,"783":2,"787":8,"790":8,"799":37,"808":33,"810":33,"811":26,"813":7,"823":5,"830":35,"832":35,"833":2,"834":2,"835":2,"838":33,"839":7,"840":7,"847":33,"848":28,"862":5,"863":5,"864":5,"865":5,"866":5,"867":5,"868":5,"869":5,"871":5,"872":5,"874":5,"883":5,"889":4,"909":5,"910":5,"912":5,"920":5,"921":5,"922":10,"926":10,"927":10,"935":5,"952":24,"953":6,"954":0,"958":18,"963":18,"964":0,"979":11,"980":11,"981":3,"986":8,"999":44,"1005":7,"1008":7,"1019":24,"1027":26,"1034":6,"1035":6,"1044":9,"1045":9,"1046":3,"1051":0,"1053":3,"1055":6,"1057":9,"1067":9,"1071":9,"1075":9,"1079":9,"1080":9,"1081":3},"path":"F:\\1.devproject\\nft_marketplace_playestates\\contract-marketplace-v1\\contracts\\engine\\NFTEngineV1.sol","s":{"1":25,"2":7,"3":4,"4":23,"5":13,"6":4,"7":49,"8":48,"9":26,"10":52,"11":51,"12":51,"13":103,"14":103,"15":14,"16":3,"17":3,"18":3,"19":3,"20":28,"21":4,"22":3,"23":2,"24":2,"25":2,"26":1,"27":1,"28":3,"29":24,"30":24,"31":24,"32":11,"33":11,"34":11,"35":24,"36":26,"37":26,"38":26,"39":11,"40":11,"41":11,"42":26,"43":33,"44":32,"45":31,"46":30,"47":29,"48":26,"49":26,"50":2,"51":1,"52":21,"53":21,"54":2,"55":1,"56":1,"57":1,"58":11,"59":11,"60":10,"61":9,"62":9,"63":9,"64":2,"65":2,"66":1,"67":1,"68":1,"69":1,"70":1,"71":24,"72":23,"73":23,"74":23,"75":23,"76":23,"77":23,"78":23,"79":23,"80":23,"81":23,"82":23,"83":21,"84":21,"85":21,"86":3,"87":1,"88":1,"89":2,"90":1,"91":3,"92":3,"93":3,"94":3,"95":3,"96":3,"97":3,"98":2,"99":1,"100":1,"101":0,"102":1,"103":1,"104":0,"105":1,"106":1,"107":2,"108":2,"109":27,"110":26,"111":26,"112":26,"113":26,"114":26,"115":26,"116":26,"117":26,"118":26,"119":26,"120":14,"121":2,"122":33,"123":33,"124":35,"125":35,"126":10,"127":10,"128":2,"129":8,"130":8,"131":37,"132":33,"133":33,"134":26,"135":7,"136":5,"137":35,"138":35,"139":2,"140":2,"141":2,"142":33,"143":7,"144":7,"145":33,"146":28,"147":5,"148":5,"149":5,"150":5,"151":5,"152":5,"153":5,"154":5,"155":5,"156":5,"157":5,"158":5,"159":4,"160":5,"161":5,"162":5,"163":5,"164":5,"165":10,"166":10,"167":10,"168":5,"169":24,"170":6,"171":18,"172":18,"173":0,"174":11,"175":11,"176":3,"177":8,"178":44,"179":7,"180":7,"181":24,"182":26,"183":6,"184":6,"185":9,"186":9,"187":3,"188":3,"189":6,"190":9,"191":9,"192":9,"193":9,"194":9,"195":9,"196":3},"b":{"1":[1,24],"2":[2,5],"3":[2,2],"4":[2,21],"5":[1,12],"6":[1,3],"7":[48,1],"8":[1,47],"9":[1,25],"10":[1,51],"11":[1,102],"12":[1,13],"13":[3,1],"14":[2,1],"15":[1,1],"16":[11,13],"17":[11,15],"18":[32,1],"19":[31,1],"20":[1,30],"21":[1,29],"22":[1,1],"23":[1,10],"24":[9,1],"25":[1,1],"26":[23,1],"27":[1,1],"28":[2,1],"29":[1,1],"30":[0,1],"31":[0,1],"32":[0,1],"33":[0,1],"34":[1,26],"35":[2,8],"36":[26,7],"37":[2,33],"38":[7,26],"39":[28,5],"40":[6,18],"41":[0,6],"42":[0,18],"43":[3,8],"44":[3,6],"45":[0,3],"46":[3,6]},"f":{"1":25,"2":7,"3":4,"4":23,"5":13,"6":4,"7":49,"8":26,"9":52,"10":51,"11":14,"12":3,"13":28,"14":4,"15":2,"16":3,"17":24,"18":26,"19":33,"20":2,"21":21,"22":2,"23":11,"24":11,"25":2,"26":24,"27":23,"28":21,"29":3,"30":1,"31":1,"32":2,"33":3,"34":27,"35":14,"36":2,"37":33,"38":35,"39":10,"40":37,"41":33,"42":5,"43":35,"44":33,"45":5,"46":5,"47":24,"48":11,"49":44,"50":7,"51":24,"52":26,"53":6,"54":9,"55":9},"fnMap":{"1":{"name":"onlyValidPrice","line":107,"loc":{"start":{"line":107,"column":4},"end":{"line":112,"column":4}}},"2":{"name":"onlySale","line":115,"loc":{"start":{"line":115,"column":4},"end":{"line":119,"column":4}}},"3":{"name":"onlyAuctionSeller","line":122,"loc":{"start":{"line":122,"column":4},"end":{"line":127,"column":4}}},"4":{"name":"onlySaleSeller","line":130,"loc":{"start":{"line":130,"column":4},"end":{"line":135,"column":4}}},"5":{"name":"onlyNotAuctionSeller","line":138,"loc":{"start":{"line":138,"column":4},"end":{"line":143,"column":4}}},"6":{"name":"onlyNotSaleSeller","line":146,"loc":{"start":{"line":146,"column":4},"end":{"line":151,"column":4}}},"7":{"name":"onlyTokenOwner","line":154,"loc":{"start":{"line":154,"column":4},"end":{"line":162,"column":4}}},"8":{"name":"onlyApprovedToken","line":165,"loc":{"start":{"line":165,"column":4},"end":{"line":169,"column":4}}},"9":{"name":"checkSizeRecipientsAndRates","line":172,"loc":{"start":{"line":172,"column":4},"end":{"line":178,"column":4}}},"10":{"name":"checkFeeRatesLessThanMaximum","line":181,"loc":{"start":{"line":181,"column":4},"end":{"line":192,"column":4}}},"11":{"name":"auctionOngoing","line":195,"loc":{"start":{"line":195,"column":4},"end":{"line":199,"column":4}}},"12":{"name":"initialize","line":205,"loc":{"start":{"line":204,"column":4},"end":{"line":210,"column":4}}},"13":{"name":"onERC721Received","line":217,"loc":{"start":{"line":217,"column":4},"end":{"line":224,"column":4}}},"14":{"name":"setNFTContract","line":231,"loc":{"start":{"line":230,"column":4},"end":{"line":240,"column":4}}},"15":{"name":"setPaymentContract","line":246,"loc":{"start":{"line":245,"column":4},"end":{"line":253,"column":4}}},"16":{"name":"getContractAddress","line":259,"loc":{"start":{"line":259,"column":4},"end":{"line":263,"column":4}}},"17":{"name":"removeNftIdFromSells","line":269,"loc":{"start":{"line":269,"column":4},"end":{"line":280,"column":4}}},"18":{"name":"removeNftIdFromAuctions","line":286,"loc":{"start":{"line":286,"column":4},"end":{"line":297,"column":4}}},"19":{"name":"createAuction","line":318,"loc":{"start":{"line":309,"column":4},"end":{"line":354,"column":4}}},"20":{"name":"settleAuction","line":362,"loc":{"start":{"line":360,"column":4},"end":{"line":366,"column":4}}},"21":{"name":"withdrawAuction","line":374,"loc":{"start":{"line":372,"column":4},"end":{"line":377,"column":4}}},"22":{"name":"takeHighestBid","line":385,"loc":{"start":{"line":383,"column":4},"end":{"line":393,"column":4}}},"23":{"name":"makeBid","line":411,"loc":{"start":{"line":401,"column":4},"end":{"line":413,"column":4}}},"24":{"name":"_makeBid","line":421,"loc":{"start":{"line":421,"column":4},"end":{"line":452,"column":4}}},"25":{"name":"withdrawBid","line":459,"loc":{"start":{"line":458,"column":4},"end":{"line":484,"column":4}}},"26":{"name":"createSale","line":504,"loc":{"start":{"line":494,"column":4},"end":{"line":510,"column":4}}},"27":{"name":"_createSale","line":531,"loc":{"start":{"line":520,"column":4},"end":{"line":551,"column":4}}},"28":{"name":"withdrawSale","line":559,"loc":{"start":{"line":557,"column":4},"end":{"line":570,"column":4}}},"29":{"name":"getTokenInfosOnSale","line":576,"loc":{"start":{"line":576,"column":4},"end":{"line":580,"column":4}}},"30":{"name":"getTokenSaleInfo","line":589,"loc":{"start":{"line":587,"column":4},"end":{"line":592,"column":4}}},"31":{"name":"getTokenInfosOnAuction","line":598,"loc":{"start":{"line":598,"column":4},"end":{"line":602,"column":4}}},"32":{"name":"getTokenAuctionInfo","line":609,"loc":{"start":{"line":609,"column":4},"end":{"line":616,"column":4}}},"33":{"name":"buyNFT","line":627,"loc":{"start":{"line":622,"column":4},"end":{"line":673,"column":4}}},"34":{"name":"_setupAuction","line":698,"loc":{"start":{"line":684,"column":4},"end":{"line":715,"column":4}}},"35":{"name":"_isAuctionOngoing","line":722,"loc":{"start":{"line":722,"column":4},"end":{"line":728,"column":4}}},"36":{"name":"_isAlreadyBidMade","line":735,"loc":{"start":{"line":735,"column":4},"end":{"line":740,"column":4}}},"37":{"name":"_isMinimumBidMade","line":745,"loc":{"start":{"line":745,"column":4},"end":{"line":752,"column":4}}},"38":{"name":"_isBuyNowPriceMet","line":757,"loc":{"start":{"line":757,"column":4},"end":{"line":764,"column":4}}},"39":{"name":"_doesBidMeetBidRequirements","line":772,"loc":{"start":{"line":772,"column":4},"end":{"line":792,"column":4}}},"40":{"name":"_getPortionOfBid","line":795,"loc":{"start":{"line":795,"column":4},"end":{"line":800,"column":4}}},"41":{"name":"_getAuctionBidPeriod","line":803,"loc":{"start":{"line":803,"column":4},"end":{"line":815,"column":4}}},"42":{"name":"_getNftRecipient","line":818,"loc":{"start":{"line":818,"column":4},"end":{"line":824,"column":4}}},"43":{"name":"_updateOngoingAuction","line":828,"loc":{"start":{"line":828,"column":4},"end":{"line":842,"column":4}}},"44":{"name":"_transferNftToAuctionContract","line":845,"loc":{"start":{"line":845,"column":4},"end":{"line":854,"column":4}}},"45":{"name":"_transferNftAndPaySeller","line":858,"loc":{"start":{"line":858,"column":4},"end":{"line":897,"column":4}}},"46":{"name":"_payFeesAndSeller","line":900,"loc":{"start":{"line":900,"column":4},"end":{"line":942,"column":4}}},"47":{"name":"_payout","line":945,"loc":{"start":{"line":945,"column":4},"end":{"line":966,"column":4}}},"48":{"name":"_isPaymentAccepted","line":973,"loc":{"start":{"line":973,"column":4},"end":{"line":991,"column":4}}},"49":{"name":"_isERC20Auction","line":994,"loc":{"start":{"line":994,"column":4},"end":{"line":1000,"column":4}}},"50":{"name":"_updateAuctionEnd","line":1003,"loc":{"start":{"line":1003,"column":4},"end":{"line":1013,"column":4}}},"51":{"name":"_resetSale","line":1017,"loc":{"start":{"line":1017,"column":4},"end":{"line":1020,"column":4}}},"52":{"name":"_resetAuction","line":1024,"loc":{"start":{"line":1024,"column":4},"end":{"line":1028,"column":4}}},"53":{"name":"_resetBids","line":1031,"loc":{"start":{"line":1031,"column":4},"end":{"line":1036,"column":4}}},"54":{"name":"_updateHighestBid","line":1039,"loc":{"start":{"line":1039,"column":4},"end":{"line":1058,"column":4}}},"55":{"name":"_reversePreviousBidAndUpdateHighestBid","line":1062,"loc":{"start":{"line":1062,"column":4},"end":{"line":1089,"column":4}}}},"statementMap":{"1":{"start":{"line":108,"column":8},"end":{"line":108,"column":5004}},"2":{"start":{"line":116,"column":8},"end":{"line":116,"column":5292}},"3":{"start":{"line":123,"column":8},"end":{"line":123,"column":5561}},"4":{"start":{"line":131,"column":8},"end":{"line":131,"column":5930}},"5":{"start":{"line":139,"column":8},"end":{"line":139,"column":6299}},"6":{"start":{"line":147,"column":8},"end":{"line":147,"column":6669}},"7":{"start":{"line":155,"column":8},"end":{"line":155,"column":7011}},"8":{"start":{"line":159,"column":8},"end":{"line":159,"column":7241}},"9":{"start":{"line":166,"column":8},"end":{"line":166,"column":7534}},"10":{"start":{"line":175,"column":8},"end":{"line":175,"column":7865}},"11":{"start":{"line":184,"column":8},"end":{"line":184,"column":27}},"12":{"start":{"line":185,"column":8},"end":{"line":185,"column":8175}},"13":{"start":{"line":186,"column":12},"end":{"line":186,"column":38}},"14":{"start":{"line":187,"column":12},"end":{"line":187,"column":8280}},"15":{"start":{"line":196,"column":8},"end":{"line":196,"column":8602}},"16":{"start":{"line":206,"column":8},"end":{"line":206,"column":23}},"17":{"start":{"line":207,"column":8},"end":{"line":207,"column":31}},"18":{"start":{"line":208,"column":8},"end":{"line":208,"column":27}},"19":{"start":{"line":209,"column":8},"end":{"line":209,"column":31}},"20":{"start":{"line":223,"column":8},"end":{"line":223,"column":45}},"21":{"start":{"line":232,"column":8},"end":{"line":232,"column":10313}},"22":{"start":{"line":234,"column":8},"end":{"line":234,"column":10391}},"23":{"start":{"line":237,"column":8},"end":{"line":237,"column":64}},"24":{"start":{"line":239,"column":8},"end":{"line":239,"column":53}},"25":{"start":{"line":247,"column":8},"end":{"line":247,"column":10954}},"26":{"start":{"line":250,"column":8},"end":{"line":250,"column":67}},"27":{"start":{"line":252,"column":8},"end":{"line":252,"column":84}},"28":{"start":{"line":262,"column":8},"end":{"line":262,"column":60}},"29":{"start":{"line":271,"column":8},"end":{"line":271,"column":55}},"30":{"start":{"line":272,"column":8},"end":{"line":272,"column":54}},"31":{"start":{"line":274,"column":8},"end":{"line":274,"column":12085}},"32":{"start":{"line":275,"column":12},"end":{"line":275,"column":74}},"33":{"start":{"line":276,"column":12},"end":{"line":276,"column":54}},"34":{"start":{"line":277,"column":12},"end":{"line":277,"column":81}},"35":{"start":{"line":279,"column":8},"end":{"line":279,"column":35}},"36":{"start":{"line":288,"column":8},"end":{"line":288,"column":58}},"37":{"start":{"line":289,"column":8},"end":{"line":289,"column":57}},"38":{"start":{"line":291,"column":8},"end":{"line":291,"column":12890}},"39":{"start":{"line":292,"column":12},"end":{"line":292,"column":77}},"40":{"start":{"line":293,"column":12},"end":{"line":293,"column":57}},"41":{"start":{"line":294,"column":12},"end":{"line":294,"column":87}},"42":{"start":{"line":296,"column":8},"end":{"line":296,"column":38}},"43":{"start":{"line":319,"column":8},"end":{"line":319,"column":14119}},"44":{"start":{"line":323,"column":8},"end":{"line":323,"column":14355}},"45":{"start":{"line":326,"column":8},"end":{"line":326,"column":14505}},"46":{"start":{"line":329,"column":8},"end":{"line":329,"column":14644}},"47":{"start":{"line":332,"column":8},"end":{"line":332,"column":14712}},"48":{"start":{"line":343,"column":8},"end":{"line":343,"column":14947}},"49":{"start":{"line":353,"column":8},"end":{"line":353,"column":50}},"50":{"start":{"line":364,"column":8},"end":{"line":364,"column":53}},"51":{"start":{"line":365,"column":8},"end":{"line":365,"column":64}},"52":{"start":{"line":375,"column":8},"end":{"line":375,"column":42}},"53":{"start":{"line":376,"column":8},"end":{"line":376,"column":54}},"54":{"start":{"line":387,"column":8},"end":{"line":387,"column":16769}},"55":{"start":{"line":390,"column":8},"end":{"line":390,"column":70}},"56":{"start":{"line":391,"column":8},"end":{"line":391,"column":53}},"57":{"start":{"line":392,"column":8},"end":{"line":392,"column":60}},"58":{"start":{"line":412,"column":8},"end":{"line":412,"column":57}},"59":{"start":{"line":428,"column":8},"end":{"line":428,"column":18419}},"60":{"start":{"line":431,"column":8},"end":{"line":431,"column":18511}},"61":{"start":{"line":436,"column":8},"end":{"line":436,"column":18661}},"62":{"start":{"line":442,"column":8},"end":{"line":442,"column":50}},"63":{"start":{"line":444,"column":8},"end":{"line":444,"column":18862}},"64":{"start":{"line":460,"column":8},"end":{"line":460,"column":19434}},"65":{"start":{"line":464,"column":8},"end":{"line":464,"column":19630}},"66":{"start":{"line":467,"column":8},"end":{"line":467,"column":19700}},"67":{"start":{"line":471,"column":8},"end":{"line":471,"column":19839}},"68":{"start":{"line":475,"column":8},"end":{"line":475,"column":39}},"69":{"start":{"line":476,"column":8},"end":{"line":476,"column":20020}},"70":{"start":{"line":483,"column":8},"end":{"line":483,"column":69}},"71":{"start":{"line":505,"column":8},"end":{"line":505,"column":21148}},"72":{"start":{"line":508,"column":8},"end":{"line":508,"column":88}},"73":{"start":{"line":532,"column":8},"end":{"line":532,"column":70}},"74":{"start":{"line":534,"column":8},"end":{"line":534,"column":76}},"75":{"start":{"line":535,"column":8},"end":{"line":535,"column":72}},"76":{"start":{"line":537,"column":8},"end":{"line":537,"column":34}},"77":{"start":{"line":538,"column":8},"end":{"line":538,"column":40}},"78":{"start":{"line":539,"column":8},"end":{"line":539,"column":36}},"79":{"start":{"line":540,"column":8},"end":{"line":540,"column":34}},"80":{"start":{"line":541,"column":8},"end":{"line":541,"column":46}},"81":{"start":{"line":542,"column":8},"end":{"line":542,"column":36}},"82":{"start":{"line":544,"column":8},"end":{"line":544,"column":22686}},"83":{"start":{"line":560,"column":8},"end":{"line":560,"column":39}},"84":{"start":{"line":561,"column":8},"end":{"line":561,"column":23288}},"85":{"start":{"line":566,"column":8},"end":{"line":566,"column":23425}},"86":{"start":{"line":579,"column":8},"end":{"line":579,"column":37}},"87":{"start":{"line":591,"column":8},"end":{"line":591,"column":76}},"88":{"start":{"line":601,"column":8},"end":{"line":601,"column":40}},"89":{"start":{"line":612,"column":8},"end":{"line":612,"column":25582}},"90":{"start":{"line":615,"column":8},"end":{"line":615,"column":82}},"91":{"start":{"line":628,"column":8},"end":{"line":628,"column":92}},"92":{"start":{"line":629,"column":8},"end":{"line":629,"column":93}},"93":{"start":{"line":630,"column":8},"end":{"line":630,"column":101}},"94":{"start":{"line":631,"column":8},"end":{"line":631,"column":57}},"95":{"start":{"line":632,"column":8},"end":{"line":632,"column":46}},"96":{"start":{"line":633,"column":8},"end":{"line":633,"column":39}},"97":{"start":{"line":635,"column":8},"end":{"line":635,"column":26629}},"98":{"start":{"line":637,"column":12},"end":{"line":637,"column":68}},"99":{"start":{"line":639,"column":12},"end":{"line":639,"column":26792}},"100":{"start":{"line":642,"column":12},"end":{"line":642,"column":26892}},"101":{"start":{"line":643,"column":16},"end":{"line":643,"column":55}},"102":{"start":{"line":646,"column":12},"end":{"line":646,"column":26999}},"103":{"start":{"line":649,"column":12},"end":{"line":649,"column":27100}},"104":{"start":{"line":650,"column":16},"end":{"line":650,"column":57}},"105":{"start":{"line":655,"column":12},"end":{"line":655,"column":27330}},"106":{"start":{"line":658,"column":12},"end":{"line":658,"column":27488}},"107":{"start":{"line":662,"column":8},"end":{"line":662,"column":27607}},"108":{"start":{"line":668,"column":8},"end":{"line":668,"column":27746}},"109":{"start":{"line":700,"column":8},"end":{"line":700,"column":28908}},"110":{"start":{"line":704,"column":8},"end":{"line":704,"column":82}},"111":{"start":{"line":705,"column":8},"end":{"line":705,"column":81}},"112":{"start":{"line":707,"column":8},"end":{"line":707,"column":37}},"113":{"start":{"line":708,"column":8},"end":{"line":708,"column":43}},"114":{"start":{"line":709,"column":8},"end":{"line":709,"column":49}},"115":{"start":{"line":710,"column":8},"end":{"line":710,"column":39}},"116":{"start":{"line":711,"column":8},"end":{"line":711,"column":45}},"117":{"start":{"line":712,"column":8},"end":{"line":712,"column":39}},"118":{"start":{"line":713,"column":8},"end":{"line":713,"column":39}},"119":{"start":{"line":714,"column":8},"end":{"line":714,"column":49}},"120":{"start":{"line":726,"column":8},"end":{"line":726,"column":30167}},"121":{"start":{"line":739,"column":8},"end":{"line":739,"column":99}},"122":{"start":{"line":749,"column":8},"end":{"line":749,"column":103}},"123":{"start":{"line":750,"column":8},"end":{"line":750,"column":31389}},"124":{"start":{"line":761,"column":8},"end":{"line":761,"column":109}},"125":{"start":{"line":762,"column":8},"end":{"line":762,"column":31973}},"126":{"start":{"line":777,"column":8},"end":{"line":777,"column":109}},"127":{"start":{"line":779,"column":8},"end":{"line":779,"column":32758}},"128":{"start":{"line":783,"column":12},"end":{"line":783,"column":23}},"129":{"start":{"line":787,"column":8},"end":{"line":787,"column":33060}},"130":{"start":{"line":790,"column":8},"end":{"line":790,"column":33229}},"131":{"start":{"line":799,"column":8},"end":{"line":799,"column":40}},"132":{"start":{"line":808,"column":8},"end":{"line":808,"column":111}},"133":{"start":{"line":810,"column":8},"end":{"line":810,"column":33881}},"134":{"start":{"line":811,"column":12},"end":{"line":811,"column":42}},"135":{"start":{"line":813,"column":12},"end":{"line":813,"column":35}},"136":{"start":{"line":823,"column":8},"end":{"line":823,"column":96}},"137":{"start":{"line":830,"column":8},"end":{"line":830,"column":102}},"138":{"start":{"line":832,"column":8},"end":{"line":832,"column":34701}},"139":{"start":{"line":833,"column":12},"end":{"line":833,"column":73}},"140":{"start":{"line":834,"column":12},"end":{"line":834,"column":57}},"141":{"start":{"line":835,"column":12},"end":{"line":835,"column":18}},"142":{"start":{"line":838,"column":8},"end":{"line":838,"column":34984}},"143":{"start":{"line":839,"column":12},"end":{"line":839,"column":50}},"144":{"start":{"line":840,"column":12},"end":{"line":840,"column":73}},"145":{"start":{"line":847,"column":8},"end":{"line":847,"column":35375}},"146":{"start":{"line":848,"column":12},"end":{"line":848,"column":35450}},"147":{"start":{"line":862,"column":8},"end":{"line":862,"column":64}},"148":{"start":{"line":863,"column":8},"end":{"line":863,"column":67}},"149":{"start":{"line":864,"column":8},"end":{"line":864,"column":81}},"150":{"start":{"line":865,"column":8},"end":{"line":865,"column":75}},"151":{"start":{"line":866,"column":8},"end":{"line":866,"column":69}},"152":{"start":{"line":867,"column":8},"end":{"line":867,"column":72}},"153":{"start":{"line":868,"column":8},"end":{"line":868,"column":87}},"154":{"start":{"line":869,"column":8},"end":{"line":869,"column":76}},"155":{"start":{"line":871,"column":8},"end":{"line":871,"column":39}},"156":{"start":{"line":872,"column":8},"end":{"line":872,"column":42}},"157":{"start":{"line":874,"column":8},"end":{"line":874,"column":36583}},"158":{"start":{"line":883,"column":8},"end":{"line":883,"column":36806}},"159":{"start":{"line":889,"column":8},"end":{"line":889,"column":36953}},"160":{"start":{"line":909,"column":8},"end":{"line":909,"column":61}},"161":{"start":{"line":910,"column":8},"end":{"line":910,"column":43}},"162":{"start":{"line":912,"column":8},"end":{"line":912,"column":37636}},"163":{"start":{"line":920,"column":8},"end":{"line":920,"column":24}},"164":{"start":{"line":921,"column":8},"end":{"line":921,"column":37816}},"165":{"start":{"line":922,"column":12},"end":{"line":922,"column":37887}},"166":{"start":{"line":926,"column":12},"end":{"line":926,"column":36}},"167":{"start":{"line":927,"column":12},"end":{"line":927,"column":38045}},"168":{"start":{"line":935,"column":8},"end":{"line":935,"column":38227}},"169":{"start":{"line":952,"column":8},"end":{"line":952,"column":38688}},"170":{"start":{"line":953,"column":12},"end":{"line":953,"column":38740}},"171":{"start":{"line":958,"column":12},"end":{"line":958,"column":38979}},"172":{"start":{"line":963,"column":12},"end":{"line":963,"column":39242}},"173":{"start":{"line":964,"column":16},"end":{"line":964,"column":58}},"174":{"start":{"line":979,"column":8},"end":{"line":979,"column":114}},"175":{"start":{"line":980,"column":8},"end":{"line":980,"column":39986}},"176":{"start":{"line":981,"column":12},"end":{"line":981,"column":40064}},"177":{"start":{"line":986,"column":12},"end":{"line":986,"column":40227}},"178":{"start":{"line":999,"column":8},"end":{"line":999,"column":47}},"179":{"start":{"line":1005,"column":8},"end":{"line":1005,"column":40917}},"180":{"start":{"line":1008,"column":8},"end":{"line":1008,"column":41019}},"181":{"start":{"line":1019,"column":8},"end":{"line":1019,"column":49}},"182":{"start":{"line":1027,"column":8},"end":{"line":1027,"column":52}},"183":{"start":{"line":1034,"column":8},"end":{"line":1034,"column":101}},"184":{"start":{"line":1035,"column":8},"end":{"line":1035,"column":89}},"185":{"start":{"line":1044,"column":8},"end":{"line":1044,"column":114}},"186":{"start":{"line":1045,"column":8},"end":{"line":1045,"column":42463}},"187":{"start":{"line":1046,"column":12},"end":{"line":1046,"column":42522}},"188":{"start":{"line":1053,"column":12},"end":{"line":1053,"column":103}},"189":{"start":{"line":1055,"column":12},"end":{"line":1055,"column":110}},"190":{"start":{"line":1057,"column":8},"end":{"line":1057,"column":101}},"191":{"start":{"line":1067,"column":8},"end":{"line":1067,"column":43474}},"192":{"start":{"line":1071,"column":8},"end":{"line":1071,"column":43620}},"193":{"start":{"line":1075,"column":8},"end":{"line":1075,"column":43763}},"194":{"start":{"line":1079,"column":8},"end":{"line":1079,"column":59}},"195":{"start":{"line":1080,"column":8},"end":{"line":1080,"column":43950}},"196":{"start":{"line":1081,"column":12},"end":{"line":1081,"column":44009}}},"branchMap":{"1":{"line":108,"type":"if","locations":[{"start":{"line":108,"column":8},"end":{"line":108,"column":8}},{"start":{"line":108,"column":8},"end":{"line":108,"column":8}}]},"2":{"line":116,"type":"if","locations":[{"start":{"line":116,"column":8},"end":{"line":116,"column":8}},{"start":{"line":116,"column":8},"end":{"line":116,"column":8}}]},"3":{"line":123,"type":"if","locations":[{"start":{"line":123,"column":8},"end":{"line":123,"column":8}},{"start":{"line":123,"column":8},"end":{"line":123,"column":8}}]},"4":{"line":131,"type":"if","locations":[{"start":{"line":131,"column":8},"end":{"line":131,"column":8}},{"start":{"line":131,"column":8},"end":{"line":131,"column":8}}]},"5":{"line":139,"type":"if","locations":[{"start":{"line":139,"column":8},"end":{"line":139,"column":8}},{"start":{"line":139,"column":8},"end":{"line":139,"column":8}}]},"6":{"line":147,"type":"if","locations":[{"start":{"line":147,"column":8},"end":{"line":147,"column":8}},{"start":{"line":147,"column":8},"end":{"line":147,"column":8}}]},"7":{"line":155,"type":"if","locations":[{"start":{"line":155,"column":8},"end":{"line":155,"column":8}},{"start":{"line":155,"column":8},"end":{"line":155,"column":8}}]},"8":{"line":159,"type":"if","locations":[{"start":{"line":159,"column":8},"end":{"line":159,"column":8}},{"start":{"line":159,"column":8},"end":{"line":159,"column":8}}]},"9":{"line":166,"type":"if","locations":[{"start":{"line":166,"column":8},"end":{"line":166,"column":8}},{"start":{"line":166,"column":8},"end":{"line":166,"column":8}}]},"10":{"line":175,"type":"if","locations":[{"start":{"line":175,"column":8},"end":{"line":175,"column":8}},{"start":{"line":175,"column":8},"end":{"line":175,"column":8}}]},"11":{"line":187,"type":"if","locations":[{"start":{"line":187,"column":12},"end":{"line":187,"column":12}},{"start":{"line":187,"column":12},"end":{"line":187,"column":12}}]},"12":{"line":196,"type":"if","locations":[{"start":{"line":196,"column":8},"end":{"line":196,"column":8}},{"start":{"line":196,"column":8},"end":{"line":196,"column":8}}]},"13":{"line":232,"type":"if","locations":[{"start":{"line":232,"column":8},"end":{"line":232,"column":8}},{"start":{"line":232,"column":8},"end":{"line":232,"column":8}}]},"14":{"line":234,"type":"if","locations":[{"start":{"line":234,"column":8},"end":{"line":234,"column":8}},{"start":{"line":234,"column":8},"end":{"line":234,"column":8}}]},"15":{"line":247,"type":"if","locations":[{"start":{"line":247,"column":8},"end":{"line":247,"column":8}},{"start":{"line":247,"column":8},"end":{"line":247,"column":8}}]},"16":{"line":274,"type":"if","locations":[{"start":{"line":274,"column":8},"end":{"line":274,"column":8}},{"start":{"line":274,"column":8},"end":{"line":274,"column":8}}]},"17":{"line":291,"type":"if","locations":[{"start":{"line":291,"column":8},"end":{"line":291,"column":8}},{"start":{"line":291,"column":8},"end":{"line":291,"column":8}}]},"18":{"line":319,"type":"if","locations":[{"start":{"line":319,"column":8},"end":{"line":319,"column":8}},{"start":{"line":319,"column":8},"end":{"line":319,"column":8}}]},"19":{"line":323,"type":"if","locations":[{"start":{"line":323,"column":8},"end":{"line":323,"column":8}},{"start":{"line":323,"column":8},"end":{"line":323,"column":8}}]},"20":{"line":326,"type":"if","locations":[{"start":{"line":326,"column":8},"end":{"line":326,"column":8}},{"start":{"line":326,"column":8},"end":{"line":326,"column":8}}]},"21":{"line":329,"type":"if","locations":[{"start":{"line":329,"column":8},"end":{"line":329,"column":8}},{"start":{"line":329,"column":8},"end":{"line":329,"column":8}}]},"22":{"line":387,"type":"if","locations":[{"start":{"line":387,"column":8},"end":{"line":387,"column":8}},{"start":{"line":387,"column":8},"end":{"line":387,"column":8}}]},"23":{"line":428,"type":"if","locations":[{"start":{"line":428,"column":8},"end":{"line":428,"column":8}},{"start":{"line":428,"column":8},"end":{"line":428,"column":8}}]},"24":{"line":431,"type":"if","locations":[{"start":{"line":431,"column":8},"end":{"line":431,"column":8}},{"start":{"line":431,"column":8},"end":{"line":431,"column":8}}]},"25":{"line":464,"type":"if","locations":[{"start":{"line":464,"column":8},"end":{"line":464,"column":8}},{"start":{"line":464,"column":8},"end":{"line":464,"column":8}}]},"26":{"line":505,"type":"if","locations":[{"start":{"line":505,"column":8},"end":{"line":505,"column":8}},{"start":{"line":505,"column":8},"end":{"line":505,"column":8}}]},"27":{"line":612,"type":"if","locations":[{"start":{"line":612,"column":8},"end":{"line":612,"column":8}},{"start":{"line":612,"column":8},"end":{"line":612,"column":8}}]},"28":{"line":635,"type":"if","locations":[{"start":{"line":635,"column":8},"end":{"line":635,"column":8}},{"start":{"line":635,"column":8},"end":{"line":635,"column":8}}]},"29":{"line":637,"type":"if","locations":[{"start":{"line":637,"column":12},"end":{"line":637,"column":12}},{"start":{"line":637,"column":12},"end":{"line":637,"column":12}}]},"30":{"line":642,"type":"if","locations":[{"start":{"line":642,"column":12},"end":{"line":642,"column":12}},{"start":{"line":642,"column":12},"end":{"line":642,"column":12}}]},"31":{"line":649,"type":"if","locations":[{"start":{"line":649,"column":12},"end":{"line":649,"column":12}},{"start":{"line":649,"column":12},"end":{"line":649,"column":12}}]},"32":{"line":655,"type":"if","locations":[{"start":{"line":655,"column":12},"end":{"line":655,"column":12}},{"start":{"line":655,"column":12},"end":{"line":655,"column":12}}]},"33":{"line":658,"type":"if","locations":[{"start":{"line":658,"column":12},"end":{"line":658,"column":12}},{"start":{"line":658,"column":12},"end":{"line":658,"column":12}}]},"34":{"line":700,"type":"if","locations":[{"start":{"line":700,"column":8},"end":{"line":700,"column":8}},{"start":{"line":700,"column":8},"end":{"line":700,"column":8}}]},"35":{"line":779,"type":"if","locations":[{"start":{"line":779,"column":8},"end":{"line":779,"column":8}},{"start":{"line":779,"column":8},"end":{"line":779,"column":8}}]},"36":{"line":810,"type":"if","locations":[{"start":{"line":810,"column":8},"end":{"line":810,"column":8}},{"start":{"line":810,"column":8},"end":{"line":810,"column":8}}]},"37":{"line":832,"type":"if","locations":[{"start":{"line":832,"column":8},"end":{"line":832,"column":8}},{"start":{"line":832,"column":8},"end":{"line":832,"column":8}}]},"38":{"line":838,"type":"if","locations":[{"start":{"line":838,"column":8},"end":{"line":838,"column":8}},{"start":{"line":838,"column":8},"end":{"line":838,"column":8}}]},"39":{"line":847,"type":"if","locations":[{"start":{"line":847,"column":8},"end":{"line":847,"column":8}},{"start":{"line":847,"column":8},"end":{"line":847,"column":8}}]},"40":{"line":952,"type":"if","locations":[{"start":{"line":952,"column":8},"end":{"line":952,"column":8}},{"start":{"line":952,"column":8},"end":{"line":952,"column":8}}]},"41":{"line":953,"type":"if","locations":[{"start":{"line":953,"column":12},"end":{"line":953,"column":12}},{"start":{"line":953,"column":12},"end":{"line":953,"column":12}}]},"42":{"line":963,"type":"if","locations":[{"start":{"line":963,"column":12},"end":{"line":963,"column":12}},{"start":{"line":963,"column":12},"end":{"line":963,"column":12}}]},"43":{"line":980,"type":"if","locations":[{"start":{"line":980,"column":8},"end":{"line":980,"column":8}},{"start":{"line":980,"column":8},"end":{"line":980,"column":8}}]},"44":{"line":1045,"type":"if","locations":[{"start":{"line":1045,"column":8},"end":{"line":1045,"column":8}},{"start":{"line":1045,"column":8},"end":{"line":1045,"column":8}}]},"45":{"line":1046,"type":"if","locations":[{"start":{"line":1046,"column":12},"end":{"line":1046,"column":12}},{"start":{"line":1046,"column":12},"end":{"line":1046,"column":12}}]},"46":{"line":1080,"type":"if","locations":[{"start":{"line":1080,"column":8},"end":{"line":1080,"column":8}},{"start":{"line":1080,"column":8},"end":{"line":1080,"column":8}}]}}},"contracts\\erc721psi\\ERC721Psi.sol":{"l":{"51":6,"52":6,"65":0,"82":4,"84":3,"85":3,"86":60,"87":59,"88":59,"92":3,"105":395,"106":395,"110":452,"111":452,"112":452,"119":1,"126":0,"133":0,"135":0,"136":0,"145":0,"153":50,"154":50,"156":50,"161":50,"174":56,"179":56,"190":1,"192":1,"193":1,"206":2,"218":1,"223":1,"234":56,"246":56,"250":56,"277":56,"278":55,"292":626,"308":57,"312":57,"313":57,"329":3,"338":3,"339":3,"340":3,"351":3,"353":3,"354":3,"356":3,"357":3,"358":3,"359":3,"360":3,"363":3,"364":60,"385":57,"387":57,"391":56,"393":56,"396":56,"398":56,"400":56,"403":27,"404":27,"407":56,"408":56,"409":4,"412":56,"414":56,"423":106,"424":106,"445":58,"446":28,"447":28,"448":28,"449":28,"451":0,"452":0,"454":0,"460":28,"462":30,"466":1347,"469":452,"476":0,"483":0,"485":0,"486":0,"487":0,"488":0,"492":0,"499":0,"500":0,"501":0,"502":0,"507":0},"path":"F:\\1.devproject\\nft_marketplace_playestates\\contract-marketplace-v1\\contracts\\erc721psi\\ERC721Psi.sol","s":{"1":6,"2":6,"3":0,"4":4,"5":3,"6":3,"7":60,"8":59,"9":3,"10":395,"11":395,"12":452,"13":452,"14":452,"15":1,"16":0,"17":0,"18":0,"19":0,"20":0,"21":50,"22":50,"23":50,"24":50,"25":56,"26":56,"27":1,"28":1,"29":1,"30":2,"31":1,"32":1,"33":56,"34":56,"35":56,"36":56,"37":55,"38":626,"39":57,"40":57,"41":57,"42":3,"43":3,"44":3,"45":3,"46":3,"47":3,"48":3,"49":3,"50":3,"51":3,"52":3,"53":3,"54":3,"55":60,"56":57,"57":57,"58":56,"59":56,"60":56,"61":56,"62":56,"63":27,"64":27,"65":56,"66":56,"67":4,"68":56,"69":56,"70":106,"71":106,"72":58,"73":28,"74":28,"75":28,"76":28,"77":0,"78":0,"79":28,"80":30,"81":1347,"82":452,"83":0,"84":0,"85":0,"86":0,"87":0,"88":0,"89":0,"90":0,"91":0,"92":0,"93":0,"94":0,"95":0,"96":0},"b":{"1":[3,1],"2":[59,1],"3":[59,0],"4":[452,0],"5":[0,0],"6":[50,0],"7":[50,0],"8":[56,0],"9":[1,0],"10":[1,0],"11":[56,0],"12":[55,0],"13":[57,0],"14":[3,0],"15":[3,0],"16":[3,0],"17":[56,1],"18":[56,0],"19":[27,29],"20":[4,52],"21":[28,30],"22":[0,0],"23":[0,0],"24":[0,0],"25":[0,0],"26":[0,0],"27":[0,0]},"f":{"1":6,"2":0,"3":4,"4":395,"5":452,"6":1,"7":0,"8":0,"9":0,"10":50,"11":56,"12":1,"13":2,"14":1,"15":56,"16":56,"17":56,"18":626,"19":57,"20":3,"21":3,"22":3,"23":57,"24":106,"25":58,"26":1347,"27":452,"28":0,"29":0,"30":0,"31":60,"32":60},"fnMap":{"1":{"name":"constructor","line":50,"loc":{"start":{"line":50,"column":4},"end":{"line":53,"column":4}}},"2":{"name":"supportsInterface","line":58,"loc":{"start":{"line":58,"column":4},"end":{"line":70,"column":4}}},"3":{"name":"balanceOf","line":75,"loc":{"start":{"line":75,"column":4},"end":{"line":93,"column":4}}},"4":{"name":"ownerOf","line":98,"loc":{"start":{"line":98,"column":4},"end":{"line":107,"column":4}}},"5":{"name":"_ownerAndBatchHeadOf","line":109,"loc":{"start":{"line":109,"column":4},"end":{"line":113,"column":4}}},"6":{"name":"name","line":118,"loc":{"start":{"line":118,"column":4},"end":{"line":120,"column":4}}},"7":{"name":"symbol","line":125,"loc":{"start":{"line":125,"column":4},"end":{"line":127,"column":4}}},"8":{"name":"tokenURI","line":132,"loc":{"start":{"line":132,"column":4},"end":{"line":137,"column":4}}},"9":{"name":"_baseURI","line":144,"loc":{"start":{"line":144,"column":4},"end":{"line":146,"column":4}}},"10":{"name":"approve","line":152,"loc":{"start":{"line":152,"column":4},"end":{"line":162,"column":4}}},"11":{"name":"getApproved","line":167,"loc":{"start":{"line":167,"column":4},"end":{"line":180,"column":4}}},"12":{"name":"setApprovalForAll","line":185,"loc":{"start":{"line":185,"column":4},"end":{"line":194,"column":4}}},"13":{"name":"isApprovedForAll","line":199,"loc":{"start":{"line":199,"column":4},"end":{"line":207,"column":4}}},"14":{"name":"transferFrom","line":212,"loc":{"start":{"line":212,"column":4},"end":{"line":224,"column":4}}},"15":{"name":"safeTransferFrom","line":229,"loc":{"start":{"line":229,"column":4},"end":{"line":235,"column":4}}},"16":{"name":"safeTransferFrom","line":240,"loc":{"start":{"line":240,"column":4},"end":{"line":251,"column":4}}},"17":{"name":"_safeTransfer","line":271,"loc":{"start":{"line":271,"column":4},"end":{"line":282,"column":4}}},"18":{"name":"_exists","line":291,"loc":{"start":{"line":291,"column":4},"end":{"line":293,"column":4}}},"19":{"name":"_isApprovedOrOwner","line":302,"loc":{"start":{"line":302,"column":4},"end":{"line":316,"column":4}}},"20":{"name":"_safeMint","line":328,"loc":{"start":{"line":328,"column":4},"end":{"line":330,"column":4}}},"21":{"name":"_safeMint","line":333,"loc":{"start":{"line":333,"column":4},"end":{"line":344,"column":4}}},"22":{"name":"_mint","line":347,"loc":{"start":{"line":347,"column":4},"end":{"line":366,"column":4}}},"23":{"name":"_transfer","line":380,"loc":{"start":{"line":380,"column":4},"end":{"line":415,"column":4}}},"24":{"name":"_approve","line":422,"loc":{"start":{"line":422,"column":4},"end":{"line":425,"column":4}}},"25":{"name":"_checkOnERC721Received","line":438,"loc":{"start":{"line":438,"column":4},"end":{"line":464,"column":4}}},"26":{"name":"_startTokenId","line":465,"loc":{"start":{"line":465,"column":4},"end":{"line":467,"column":4}}},"27":{"name":"_getBatchHead","line":468,"loc":{"start":{"line":468,"column":4},"end":{"line":470,"column":4}}},"28":{"name":"totalSupply","line":475,"loc":{"start":{"line":475,"column":4},"end":{"line":477,"column":4}}},"29":{"name":"tokenByIndex","line":482,"loc":{"start":{"line":482,"column":4},"end":{"line":493,"column":4}}},"30":{"name":"tokenOfOwnerByIndex","line":498,"loc":{"start":{"line":498,"column":4},"end":{"line":508,"column":4}}},"31":{"name":"_beforeTokenTransfers","line":523,"loc":{"start":{"line":523,"column":4},"end":{"line":528,"column":24}}},"32":{"name":"_afterTokenTransfers","line":542,"loc":{"start":{"line":542,"column":4},"end":{"line":547,"column":24}}}},"statementMap":{"1":{"start":{"line":51,"column":8},"end":{"line":51,"column":20}},"2":{"start":{"line":52,"column":8},"end":{"line":52,"column":24}},"3":{"start":{"line":65,"column":8},"end":{"line":65,"column":2431}},"4":{"start":{"line":82,"column":8},"end":{"line":82,"column":84}},"5":{"start":{"line":84,"column":8},"end":{"line":84,"column":18}},"6":{"start":{"line":85,"column":8},"end":{"line":85,"column":2944}},"7":{"start":{"line":86,"column":12},"end":{"line":86,"column":3029}},"8":{"start":{"line":87,"column":16},"end":{"line":87,"column":3065}},"9":{"start":{"line":92,"column":8},"end":{"line":92,"column":20}},"10":{"start":{"line":105,"column":8},"end":{"line":105,"column":56}},"11":{"start":{"line":106,"column":8},"end":{"line":106,"column":20}},"12":{"start":{"line":110,"column":8},"end":{"line":110,"column":80}},"13":{"start":{"line":111,"column":8},"end":{"line":111,"column":48}},"14":{"start":{"line":112,"column":8},"end":{"line":112,"column":40}},"15":{"start":{"line":119,"column":8},"end":{"line":119,"column":20}},"16":{"start":{"line":126,"column":8},"end":{"line":126,"column":22}},"17":{"start":{"line":133,"column":8},"end":{"line":133,"column":78}},"18":{"start":{"line":135,"column":8},"end":{"line":135,"column":42}},"19":{"start":{"line":136,"column":8},"end":{"line":136,"column":101}},"20":{"start":{"line":145,"column":8},"end":{"line":145,"column":17}},"21":{"start":{"line":153,"column":8},"end":{"line":153,"column":40}},"22":{"start":{"line":154,"column":8},"end":{"line":154,"column":67}},"23":{"start":{"line":156,"column":8},"end":{"line":156,"column":5050}},"24":{"start":{"line":161,"column":8},"end":{"line":161,"column":28}},"25":{"start":{"line":174,"column":8},"end":{"line":174,"column":5457}},"26":{"start":{"line":179,"column":8},"end":{"line":179,"column":39}},"27":{"start":{"line":190,"column":8},"end":{"line":190,"column":72}},"28":{"start":{"line":192,"column":8},"end":{"line":192,"column":60}},"29":{"start":{"line":193,"column":8},"end":{"line":193,"column":61}},"30":{"start":{"line":206,"column":8},"end":{"line":206,"column":50}},"31":{"start":{"line":218,"column":8},"end":{"line":218,"column":6519}},"32":{"start":{"line":223,"column":8},"end":{"line":223,"column":35}},"33":{"start":{"line":234,"column":8},"end":{"line":234,"column":46}},"34":{"start":{"line":246,"column":8},"end":{"line":246,"column":7177}},"35":{"start":{"line":250,"column":8},"end":{"line":250,"column":46}},"36":{"start":{"line":277,"column":8},"end":{"line":277,"column":35}},"37":{"start":{"line":278,"column":8},"end":{"line":278,"column":8424}},"38":{"start":{"line":292,"column":8},"end":{"line":292,"column":80}},"39":{"start":{"line":308,"column":8},"end":{"line":308,"column":9290}},"40":{"start":{"line":312,"column":8},"end":{"line":312,"column":40}},"41":{"start":{"line":313,"column":8},"end":{"line":313,"column":9489}},"42":{"start":{"line":329,"column":8},"end":{"line":329,"column":34}},"43":{"start":{"line":338,"column":8},"end":{"line":338,"column":38}},"44":{"start":{"line":339,"column":8},"end":{"line":339,"column":26}},"45":{"start":{"line":340,"column":8},"end":{"line":340,"column":10246}},"46":{"start":{"line":351,"column":8},"end":{"line":351,"column":60}},"47":{"start":{"line":353,"column":8},"end":{"line":353,"column":69}},"48":{"start":{"line":354,"column":8},"end":{"line":354,"column":71}},"49":{"start":{"line":356,"column":8},"end":{"line":356,"column":72}},"50":{"start":{"line":357,"column":8},"end":{"line":357,"column":26}},"51":{"start":{"line":358,"column":8},"end":{"line":358,"column":37}},"52":{"start":{"line":359,"column":8},"end":{"line":359,"column":39}},"53":{"start":{"line":360,"column":8},"end":{"line":360,"column":71}},"54":{"start":{"line":363,"column":8},"end":{"line":363,"column":11041}},"55":{"start":{"line":364,"column":12},"end":{"line":364,"column":50}},"56":{"start":{"line":385,"column":8},"end":{"line":385,"column":81}},"57":{"start":{"line":387,"column":8},"end":{"line":387,"column":11725}},"58":{"start":{"line":391,"column":8},"end":{"line":391,"column":75}},"59":{"start":{"line":393,"column":8},"end":{"line":393,"column":50}},"60":{"start":{"line":396,"column":8},"end":{"line":396,"column":36}},"61":{"start":{"line":398,"column":8},"end":{"line":398,"column":41}},"62":{"start":{"line":400,"column":8},"end":{"line":400,"column":12110}},"63":{"start":{"line":403,"column":12},"end":{"line":403,"column":38}},"64":{"start":{"line":404,"column":12},"end":{"line":404,"column":38}},"65":{"start":{"line":407,"column":8},"end":{"line":407,"column":28}},"66":{"start":{"line":408,"column":8},"end":{"line":408,"column":12343}},"67":{"start":{"line":409,"column":12},"end":{"line":409,"column":34}},"68":{"start":{"line":412,"column":8},"end":{"line":412,"column":40}},"69":{"start":{"line":414,"column":8},"end":{"line":414,"column":49}},"70":{"start":{"line":423,"column":8},"end":{"line":423,"column":36}},"71":{"start":{"line":424,"column":8},"end":{"line":424,"column":52}},"72":{"start":{"line":445,"column":8},"end":{"line":445,"column":13640}},"73":{"start":{"line":446,"column":12},"end":{"line":446,"column":19}},"74":{"start":{"line":447,"column":12},"end":{"line":447,"column":13701}},"75":{"start":{"line":448,"column":16},"end":{"line":448,"column":13804}},"76":{"start":{"line":449,"column":20},"end":{"line":449,"column":79}},"77":{"start":{"line":451,"column":20},"end":{"line":451,"column":14061}},"78":{"start":{"line":452,"column":24},"end":{"line":452,"column":86}},"79":{"start":{"line":460,"column":12},"end":{"line":460,"column":20}},"80":{"start":{"line":462,"column":12},"end":{"line":462,"column":23}},"81":{"start":{"line":466,"column":8},"end":{"line":466,"column":16}},"82":{"start":{"line":469,"column":8},"end":{"line":469,"column":57}},"83":{"start":{"line":476,"column":8},"end":{"line":476,"column":22}},"84":{"start":{"line":483,"column":8},"end":{"line":483,"column":78}},"85":{"start":{"line":485,"column":8},"end":{"line":485,"column":18}},"86":{"start":{"line":486,"column":8},"end":{"line":486,"column":15159}},"87":{"start":{"line":487,"column":12},"end":{"line":487,"column":15241}},"88":{"start":{"line":488,"column":16},"end":{"line":488,"column":15289}},"89":{"start":{"line":488,"column":35},"end":{"line":488,"column":43}},"90":{"start":{"line":492,"column":8},"end":{"line":492,"column":16}},"91":{"start":{"line":499,"column":8},"end":{"line":499,"column":18}},"92":{"start":{"line":500,"column":8},"end":{"line":500,"column":15598}},"93":{"start":{"line":501,"column":12},"end":{"line":501,"column":15680}},"94":{"start":{"line":502,"column":16},"end":{"line":502,"column":15751}},"95":{"start":{"line":502,"column":35},"end":{"line":502,"column":43}},"96":{"start":{"line":507,"column":8},"end":{"line":507,"column":53}}},"branchMap":{"1":{"line":82,"type":"if","locations":[{"start":{"line":82,"column":8},"end":{"line":82,"column":8}},{"start":{"line":82,"column":8},"end":{"line":82,"column":8}}]},"2":{"line":86,"type":"if","locations":[{"start":{"line":86,"column":12},"end":{"line":86,"column":12}},{"start":{"line":86,"column":12},"end":{"line":86,"column":12}}]},"3":{"line":87,"type":"if","locations":[{"start":{"line":87,"column":16},"end":{"line":87,"column":16}},{"start":{"line":87,"column":16},"end":{"line":87,"column":16}}]},"4":{"line":110,"type":"if","locations":[{"start":{"line":110,"column":8},"end":{"line":110,"column":8}},{"start":{"line":110,"column":8},"end":{"line":110,"column":8}}]},"5":{"line":133,"type":"if","locations":[{"start":{"line":133,"column":8},"end":{"line":133,"column":8}},{"start":{"line":133,"column":8},"end":{"line":133,"column":8}}]},"6":{"line":154,"type":"if","locations":[{"start":{"line":154,"column":8},"end":{"line":154,"column":8}},{"start":{"line":154,"column":8},"end":{"line":154,"column":8}}]},"7":{"line":156,"type":"if","locations":[{"start":{"line":156,"column":8},"end":{"line":156,"column":8}},{"start":{"line":156,"column":8},"end":{"line":156,"column":8}}]},"8":{"line":174,"type":"if","locations":[{"start":{"line":174,"column":8},"end":{"line":174,"column":8}},{"start":{"line":174,"column":8},"end":{"line":174,"column":8}}]},"9":{"line":190,"type":"if","locations":[{"start":{"line":190,"column":8},"end":{"line":190,"column":8}},{"start":{"line":190,"column":8},"end":{"line":190,"column":8}}]},"10":{"line":218,"type":"if","locations":[{"start":{"line":218,"column":8},"end":{"line":218,"column":8}},{"start":{"line":218,"column":8},"end":{"line":218,"column":8}}]},"11":{"line":246,"type":"if","locations":[{"start":{"line":246,"column":8},"end":{"line":246,"column":8}},{"start":{"line":246,"column":8},"end":{"line":246,"column":8}}]},"12":{"line":278,"type":"if","locations":[{"start":{"line":278,"column":8},"end":{"line":278,"column":8}},{"start":{"line":278,"column":8},"end":{"line":278,"column":8}}]},"13":{"line":308,"type":"if","locations":[{"start":{"line":308,"column":8},"end":{"line":308,"column":8}},{"start":{"line":308,"column":8},"end":{"line":308,"column":8}}]},"14":{"line":340,"type":"if","locations":[{"start":{"line":340,"column":8},"end":{"line":340,"column":8}},{"start":{"line":340,"column":8},"end":{"line":340,"column":8}}]},"15":{"line":353,"type":"if","locations":[{"start":{"line":353,"column":8},"end":{"line":353,"column":8}},{"start":{"line":353,"column":8},"end":{"line":353,"column":8}}]},"16":{"line":354,"type":"if","locations":[{"start":{"line":354,"column":8},"end":{"line":354,"column":8}},{"start":{"line":354,"column":8},"end":{"line":354,"column":8}}]},"17":{"line":387,"type":"if","locations":[{"start":{"line":387,"column":8},"end":{"line":387,"column":8}},{"start":{"line":387,"column":8},"end":{"line":387,"column":8}}]},"18":{"line":391,"type":"if","locations":[{"start":{"line":391,"column":8},"end":{"line":391,"column":8}},{"start":{"line":391,"column":8},"end":{"line":391,"column":8}}]},"19":{"line":400,"type":"if","locations":[{"start":{"line":400,"column":8},"end":{"line":400,"column":8}},{"start":{"line":400,"column":8},"end":{"line":400,"column":8}}]},"20":{"line":408,"type":"if","locations":[{"start":{"line":408,"column":8},"end":{"line":408,"column":8}},{"start":{"line":408,"column":8},"end":{"line":408,"column":8}}]},"21":{"line":445,"type":"if","locations":[{"start":{"line":445,"column":8},"end":{"line":445,"column":8}},{"start":{"line":445,"column":8},"end":{"line":445,"column":8}}]},"22":{"line":451,"type":"if","locations":[{"start":{"line":451,"column":20},"end":{"line":451,"column":20}},{"start":{"line":451,"column":20},"end":{"line":451,"column":20}}]},"23":{"line":483,"type":"if","locations":[{"start":{"line":483,"column":8},"end":{"line":483,"column":8}},{"start":{"line":483,"column":8},"end":{"line":483,"column":8}}]},"24":{"line":487,"type":"if","locations":[{"start":{"line":487,"column":12},"end":{"line":487,"column":12}},{"start":{"line":487,"column":12},"end":{"line":487,"column":12}}]},"25":{"line":488,"type":"if","locations":[{"start":{"line":488,"column":16},"end":{"line":488,"column":16}},{"start":{"line":488,"column":16},"end":{"line":488,"column":16}}]},"26":{"line":501,"type":"if","locations":[{"start":{"line":501,"column":12},"end":{"line":501,"column":12}},{"start":{"line":501,"column":12},"end":{"line":501,"column":12}}]},"27":{"line":502,"type":"if","locations":[{"start":{"line":502,"column":16},"end":{"line":502,"column":16}},{"start":{"line":502,"column":16},"end":{"line":502,"column":16}}]}}},"contracts\\interface\\IMembershipNFT.sol":{"l":{},"path":"F:\\1.devproject\\nft_marketplace_playestates\\contract-marketplace-v1\\contracts\\interface\\IMembershipNFT.sol","s":{},"b":{},"f":{},"fnMap":{},"statementMap":{},"branchMap":{}},"contracts\\interface\\INFTEngine.sol":{"l":{},"path":"F:\\1.devproject\\nft_marketplace_playestates\\contract-marketplace-v1\\contracts\\interface\\INFTEngine.sol","s":{},"b":{},"f":{},"fnMap":{},"statementMap":{},"branchMap":{}},"contracts\\library\\Base64.sol":{"l":{"12":1,"15":1,"18":1,"20":1,"22":1,"68":1},"path":"F:\\1.devproject\\nft_marketplace_playestates\\contract-marketplace-v1\\contracts\\library\\Base64.sol","s":{"1":1,"2":1,"3":1,"4":1,"5":1},"b":{},"f":{"1":1},"fnMap":{"1":{"name":"encode","line":9,"loc":{"start":{"line":9,"column":4},"end":{"line":69,"column":4}}}},"statementMap":{"1":{"start":{"line":12,"column":8},"end":{"line":12,"column":33}},"2":{"start":{"line":15,"column":8},"end":{"line":15,"column":48}},"3":{"start":{"line":18,"column":8},"end":{"line":18,"column":56}},"4":{"start":{"line":20,"column":8},"end":{"line":20,"column":34}},"5":{"start":{"line":68,"column":8},"end":{"line":68,"column":29}}},"branchMap":{}},"contracts\\library\\LTypes.sol":{"l":{},"path":"F:\\1.devproject\\nft_marketplace_playestates\\contract-marketplace-v1\\contracts\\library\\LTypes.sol","s":{},"b":{},"f":{},"fnMap":{},"statementMap":{},"branchMap":{}},"contracts\\test\\CustomNFTMock.sol":{"l":{"13":1},"path":"F:\\1.devproject\\nft_marketplace_playestates\\contract-marketplace-v1\\contracts\\test\\CustomNFTMock.sol","s":{"1":1},"b":{},"f":{"1":3,"2":1},"fnMap":{"1":{"name":"constructor","line":8,"loc":{"start":{"line":7,"column":4},"end":{"line":9,"column":5}}},"2":{"name":"mint","line":12,"loc":{"start":{"line":11,"column":4},"end":{"line":14,"column":4}}}},"statementMap":{"1":{"start":{"line":13,"column":8},"end":{"line":13,"column":29}}},"branchMap":{}},"contracts\\token\\MembershipNFT.sol":{"l":{"35":3,"37":3,"43":6,"44":6,"50":3,"53":3,"55":3,"56":60,"57":60,"58":60,"60":3,"62":3,"67":2,"70":1,"71":1,"73":1,"74":1,"80":1,"85":1,"92":2,"93":1,"95":1,"96":1,"97":1,"115":1,"132":1,"135":1,"141":1,"147":1,"152":1,"153":1,"154":1,"156":1,"158":1,"164":1,"166":1,"167":1,"168":1,"175":1,"176":1,"177":1,"184":627,"185":1,"187":626},"path":"F:\\1.devproject\\nft_marketplace_playestates\\contract-marketplace-v1\\contracts\\token\\MembershipNFT.sol","s":{"1":3,"2":6,"3":6,"4":3,"5":3,"6":3,"7":60,"8":60,"9":60,"10":3,"11":3,"12":2,"13":1,"14":1,"15":1,"16":1,"17":2,"18":1,"19":1,"20":1,"21":1,"22":1,"23":1,"24":1,"25":1,"26":1,"27":1,"28":1,"29":1,"30":1,"31":1,"32":1,"33":1,"34":1,"35":1,"36":1,"37":627,"38":1,"39":626},"b":{"1":[3,0],"2":[3,0],"3":[1,1],"4":[1,1],"5":[1,626]},"f":{"1":3,"2":6,"3":3,"4":2,"5":1,"6":1,"7":2,"8":1,"9":1,"10":1,"11":1,"12":1,"13":627},"fnMap":{"1":{"name":"validTokenType","line":34,"loc":{"start":{"line":34,"column":4},"end":{"line":38,"column":4}}},"2":{"name":"constructor","line":41,"loc":{"start":{"line":40,"column":4},"end":{"line":45,"column":4}}},"3":{"name":"mint","line":49,"loc":{"start":{"line":47,"column":4},"end":{"line":63,"column":4}}},"4":{"name":"burn","line":65,"loc":{"start":{"line":65,"column":4},"end":{"line":75,"column":4}}},"5":{"name":"setImageURI","line":79,"loc":{"start":{"line":78,"column":4},"end":{"line":81,"column":4}}},"6":{"name":"setAnimationURI","line":84,"loc":{"start":{"line":83,"column":4},"end":{"line":86,"column":4}}},"7":{"name":"tokenURI","line":88,"loc":{"start":{"line":88,"column":4},"end":{"line":136,"column":4}}},"8":{"name":"totalSupply","line":138,"loc":{"start":{"line":138,"column":4},"end":{"line":142,"column":4}}},"9":{"name":"getMintedPerType","line":146,"loc":{"start":{"line":144,"column":4},"end":{"line":148,"column":4}}},"10":{"name":"_burn","line":150,"loc":{"start":{"line":150,"column":4},"end":{"line":159,"column":4}}},"11":{"name":"_burned","line":161,"loc":{"start":{"line":161,"column":4},"end":{"line":170,"column":4}}},"12":{"name":"_popcount","line":172,"loc":{"start":{"line":172,"column":4},"end":{"line":179,"column":4}}},"13":{"name":"_exists","line":181,"loc":{"start":{"line":181,"column":4},"end":{"line":188,"column":4}}}},"statementMap":{"1":{"start":{"line":35,"column":8},"end":{"line":35,"column":1102}},"2":{"start":{"line":43,"column":8},"end":{"line":43,"column":111}},"3":{"start":{"line":44,"column":8},"end":{"line":44,"column":115}},"4":{"start":{"line":50,"column":8},"end":{"line":50,"column":1741}},"5":{"start":{"line":53,"column":8},"end":{"line":53,"column":30}},"6":{"start":{"line":55,"column":8},"end":{"line":55,"column":1863}},"7":{"start":{"line":56,"column":12},"end":{"line":56,"column":55}},"8":{"start":{"line":57,"column":12},"end":{"line":57,"column":32}},"9":{"start":{"line":58,"column":12},"end":{"line":58,"column":42}},"10":{"start":{"line":60,"column":8},"end":{"line":60,"column":41}},"11":{"start":{"line":62,"column":8},"end":{"line":62,"column":45}},"12":{"start":{"line":67,"column":8},"end":{"line":67,"column":2255}},"13":{"start":{"line":73,"column":8},"end":{"line":73,"column":21}},"14":{"start":{"line":74,"column":8},"end":{"line":74,"column":40}},"15":{"start":{"line":80,"column":8},"end":{"line":80,"column":30}},"16":{"start":{"line":85,"column":8},"end":{"line":85,"column":38}},"17":{"start":{"line":92,"column":8},"end":{"line":92,"column":2904}},"18":{"start":{"line":95,"column":8},"end":{"line":95,"column":56}},"19":{"start":{"line":96,"column":8},"end":{"line":96,"column":60}},"20":{"start":{"line":97,"column":8},"end":{"line":97,"column":3073}},"21":{"start":{"line":115,"column":8},"end":{"line":115,"column":3640}},"22":{"start":{"line":132,"column":8},"end":{"line":132,"column":4266}},"23":{"start":{"line":135,"column":8},"end":{"line":135,"column":21}},"24":{"start":{"line":141,"column":8},"end":{"line":141,"column":34}},"25":{"start":{"line":147,"column":8},"end":{"line":147,"column":37}},"26":{"start":{"line":152,"column":8},"end":{"line":152,"column":39}},"27":{"start":{"line":153,"column":8},"end":{"line":153,"column":58}},"28":{"start":{"line":154,"column":8},"end":{"line":154,"column":32}},"29":{"start":{"line":156,"column":8},"end":{"line":156,"column":48}},"30":{"start":{"line":158,"column":8},"end":{"line":158,"column":57}},"31":{"start":{"line":164,"column":8},"end":{"line":164,"column":48}},"32":{"start":{"line":166,"column":8},"end":{"line":166,"column":5174}},"33":{"start":{"line":167,"column":12},"end":{"line":167,"column":54}},"34":{"start":{"line":168,"column":12},"end":{"line":168,"column":38}},"35":{"start":{"line":176,"column":12},"end":{"line":176,"column":5471}},"36":{"start":{"line":177,"column":16},"end":{"line":177,"column":25}},"37":{"start":{"line":184,"column":8},"end":{"line":184,"column":5638}},"38":{"start":{"line":185,"column":12},"end":{"line":185,"column":24}},"39":{"start":{"line":187,"column":8},"end":{"line":187,"column":37}}},"branchMap":{"1":{"line":35,"type":"if","locations":[{"start":{"line":35,"column":8},"end":{"line":35,"column":8}},{"start":{"line":35,"column":8},"end":{"line":35,"column":8}}]},"2":{"line":50,"type":"if","locations":[{"start":{"line":50,"column":8},"end":{"line":50,"column":8}},{"start":{"line":50,"column":8},"end":{"line":50,"column":8}}]},"3":{"line":67,"type":"if","locations":[{"start":{"line":67,"column":8},"end":{"line":67,"column":8}},{"start":{"line":67,"column":8},"end":{"line":67,"column":8}}]},"4":{"line":92,"type":"if","locations":[{"start":{"line":92,"column":8},"end":{"line":92,"column":8}},{"start":{"line":92,"column":8},"end":{"line":92,"column":8}}]},"5":{"line":184,"type":"if","locations":[{"start":{"line":184,"column":8},"end":{"line":184,"column":8}},{"start":{"line":184,"column":8},"end":{"line":184,"column":8}}]}}},"contracts\\token\\PlayEstatesBrickToken.sol":{"l":{"15":6,"16":6,"17":6,"23":4,"29":4,"35":1,"41":2,"47":2,"53":1,"59":1,"81":18,"82":3,"85":15,"87":4,"90":11,"92":7,"95":4,"97":2,"100":2},"path":"F:\\1.devproject\\nft_marketplace_playestates\\contract-marketplace-v1\\contracts\\token\\PlayEstatesBrickToken.sol","s":{"1":6,"2":6,"3":6,"4":4,"5":4,"6":1,"7":2,"8":2,"9":1,"10":1,"11":18,"12":3,"13":15,"14":4,"15":11,"16":7,"17":4,"18":2,"19":2},"b":{"1":[3,15],"2":[4,11],"3":[7,4],"4":[2,2],"5":[1,1]},"f":{"1":6,"2":4,"3":4,"4":1,"5":2,"6":2,"7":1,"8":1,"9":18},"fnMap":{"1":{"name":"constructor","line":14,"loc":{"start":{"line":13,"column":4},"end":{"line":18,"column":4}}},"2":{"name":"mint","line":22,"loc":{"start":{"line":20,"column":4},"end":{"line":24,"column":4}}},"3":{"name":"decimals","line":26,"loc":{"start":{"line":26,"column":4},"end":{"line":30,"column":4}}},"4":{"name":"setGameEngine","line":34,"loc":{"start":{"line":32,"column":4},"end":{"line":36,"column":4}}},"5":{"name":"setMarketplaceEngine","line":40,"loc":{"start":{"line":38,"column":4},"end":{"line":42,"column":4}}},"6":{"name":"setMintRole","line":46,"loc":{"start":{"line":44,"column":4},"end":{"line":48,"column":4}}},"7":{"name":"clearMintRole","line":52,"loc":{"start":{"line":50,"column":4},"end":{"line":54,"column":4}}},"8":{"name":"setLock","line":58,"loc":{"start":{"line":56,"column":4},"end":{"line":60,"column":4}}},"9":{"name":"_beforeTokenTransfer","line":76,"loc":{"start":{"line":76,"column":4},"end":{"line":101,"column":4}}}},"statementMap":{"1":{"start":{"line":15,"column":8},"end":{"line":15,"column":49}},"2":{"start":{"line":16,"column":8},"end":{"line":16,"column":42}},"3":{"start":{"line":17,"column":8},"end":{"line":17,"column":20}},"4":{"start":{"line":23,"column":8},"end":{"line":23,"column":43}},"5":{"start":{"line":29,"column":8},"end":{"line":29,"column":16}},"6":{"start":{"line":35,"column":8},"end":{"line":35,"column":44}},"7":{"start":{"line":41,"column":8},"end":{"line":41,"column":46}},"8":{"start":{"line":47,"column":8},"end":{"line":47,"column":38}},"9":{"start":{"line":53,"column":8},"end":{"line":53,"column":39}},"10":{"start":{"line":59,"column":8},"end":{"line":59,"column":20}},"11":{"start":{"line":81,"column":8},"end":{"line":81,"column":2365}},"12":{"start":{"line":82,"column":12},"end":{"line":82,"column":18}},"13":{"start":{"line":85,"column":8},"end":{"line":85,"column":2427}},"14":{"start":{"line":87,"column":12},"end":{"line":87,"column":18}},"15":{"start":{"line":90,"column":8},"end":{"line":90,"column":2557}},"16":{"start":{"line":92,"column":12},"end":{"line":92,"column":18}},"17":{"start":{"line":95,"column":8},"end":{"line":95,"column":2736}},"18":{"start":{"line":97,"column":12},"end":{"line":97,"column":18}},"19":{"start":{"line":100,"column":8},"end":{"line":100,"column":62}}},"branchMap":{"1":{"line":81,"type":"if","locations":[{"start":{"line":81,"column":8},"end":{"line":81,"column":8}},{"start":{"line":81,"column":8},"end":{"line":81,"column":8}}]},"2":{"line":85,"type":"if","locations":[{"start":{"line":85,"column":8},"end":{"line":85,"column":8}},{"start":{"line":85,"column":8},"end":{"line":85,"column":8}}]},"3":{"line":90,"type":"if","locations":[{"start":{"line":90,"column":8},"end":{"line":90,"column":8}},{"start":{"line":90,"column":8},"end":{"line":90,"column":8}}]},"4":{"line":95,"type":"if","locations":[{"start":{"line":95,"column":8},"end":{"line":95,"column":8}},{"start":{"line":95,"column":8},"end":{"line":95,"column":8}}]},"5":{"line":100,"type":"if","locations":[{"start":{"line":100,"column":8},"end":{"line":100,"column":8}},{"start":{"line":100,"column":8},"end":{"line":100,"column":8}}]}}}}